-END-: 1714854897606
-START-: 1714854897906
Temperature: 23.94: 1714854898421
Humididy: 38.5: 1714854898658
Sound: 13.86: 1714854898853
-END-: 1714854899046
-START-: 1714854899348
Temperature: 23.87: 1714854899863
Humididy: 38.5: 1714854900073
Sound: 55.45: 1714854900271
-END-: 1714854900463
-START-: 1714854900765
Temperature: 23.87: 1714854901281
Humididy: 38.5: 1714854901514
Sound: 54.16: 1714854901712
-END-: 1714854901905
-START-: 1714854902207
Temperature: 23.81: 1714854902722
Humididy: 38.5: 1714854902931
Sound: 38.92: 1714854903129
-END-: 1714854903322
-START-: 1714854903624
Temperature: 23.81: 1714854904139
Humididy: 38.4: 1714854904373
Sound: 52.78: 1714854904571
-END-: 1714854904764
-START-: 1714854905068
Temperature: 23.75: 1714854905581
Humididy: 38.4: 1714854905790
Sound: 43.94: 1714854905988
-END-: 1714854906181
-START-: 1714854906483
Temperature: 23.75: 1714854906998
Humididy: 38.2: 1714854907232
Sound: 43.94: 1714854907429
-END-: 1714854907622
-START-: 1714854907924
Temperature: 23.75: 1714854908439
Humididy: 38.2: 1714854908652
Sound: 43.94: 1714854908846
-END-: 1714854909041
-START-: 1714854909341
Temperature: 23.75: 1714854909856
Humididy: 38.3: 1714854910090
Sound: 55.45: 1714854910288
-END-: 1714854910481
-START-: 1714854910783
Temperature: 23.81: 1714854911298
Humididy: 38.3: 1714854911507
Sound: 13.86: 1714854911705
-END-: 1714854911898
-START-: 1714854912200
Temperature: 23.81: 1714854912715
Humididy: 38.3: 1714854912949
Sound: 32.19: 1714854913147
-END-: 1714854913340
-START-: 1714854913642
Temperature: 23.81: 1714854914157
Humididy: 38.3: 1714854914366
Sound: 27.73: 1714854914564
-END-: 1714854914757
-START-: 1714854915059
Temperature: 23.81: 1714854915576
Humididy: 38.0: 1714854915808
Sound: 27.73: 1714854916005
-END-: 1714854916198
-START-: 1714854916501
Temperature: 23.87: 1714854917016
Humididy: 38.0: 1714854917224
Sound: 46.05: 1714854917425
-END-: 1714854917620
-START-: 1714854917917
Temperature: 23.87: 1714854918432
Humididy: 38.3: 1714854918666
Sound: 55.45: 1714854918864
-END-: 1714854919059
-START-: 1714854919359
Temperature: 23.87: 1714854919874
Humididy: 38.3: 1714854920087
Sound: 55.45: 1714854920282
-END-: 1714854920474
-START-: 1714854920776
Temperature: 23.87: 1714854921291
Humididy: 38.3: 1714854921525
Sound: 56.66: 1714854921723
-END-: 1714854921916
-START-: 1714854922218
Temperature: 23.94: 1714854922733
Humididy: 38.3: 1714854922942
Sound: 21.97: 1714854923140
-END-: 1714854923333
-START-: 1714854923635
Temperature: 23.94: 1714854924152
Humididy: 38.2: 1714854924385
Sound: 55.45: 1714854924582
-END-: 1714854924774
-START-: 1714854925076
Temperature: 23.94: 1714854925591
Humididy: 38.2: 1714854925801
Sound: 55.45: 1714854926001
-END-: 1714854926191
-START-: 1714854926493
Temperature: 23.94: 1714854927009
Humididy: 38.4: 1714854927242
Sound: 32.19: 1714854927440
-END-: 1714854927633
-START-: 1714854927935
Temperature: 23.94: 1714854928450
Humididy: 38.4: 1714854928664
Sound: 32.19: 1714854928858
-END-: 1714854929050
-START-: 1714854929355
Temperature: 23.87: 1714854929868
Humididy: 38.3: 1714854930107
Sound: 35.84: 1714854930303
-END-: 1714854930492
-START-: 1714854930797
Temperature: 23.75: 1714854931309
Humididy: 38.3: 1714854931519
Sound: 35.84: 1714854931721
-END-: 1714854931910
-START-: 1714854932211
Temperature: 23.75: 1714854932726
Humididy: 38.3: 1714854932960
Sound: 35.84: 1714854933159
-END-: 1714854933351
-START-: 1714854933654
Temperature: 23.69: 1714854934168
Humididy: 38.3: 1714854934378
Sound: 35.84: 1714854934578
-END-: 1714854934768
-START-: 1714854935072
Temperature: 23.75: 1714854935585
Humididy: 38.1: 1714854935820
Sound: 21.97: 1714854936018
-END-: 1714854936210
-START-: 1714854936512
Temperature: 23.75: 1714854937028
Humididy: 38.1: 1714854937237
Sound: 21.97: 1714854937435
-END-: 1714854937627
-START-: 1714854937929
Temperature: 23.75: 1714854938447
Humididy: 38.1: 1714854938678
Sound: 55.45: 1714854938877
-END-: 1714854939069
-START-: 1714854939371
Temperature: 23.75: 1714854939886
Humididy: 38.1: 1714854940096
Sound: 55.45: 1714854940294
-END-: 1714854940486
-START-: 1714854940788
Temperature: 23.81: 1714854941304
Humididy: 38.1: 1714854941538
Sound: 55.45: 1714854941736
-END-: 1714854941928
-START-: 1714854942230
Temperature: 23.81: 1714854942746
Humididy: 38.1: 1714854942955
Sound: 52.78: 1714854943153
-END-: 1714854943348
-START-: 1714854943648
Temperature: 23.81: 1714854944163
Humididy: 38.2: 1714854944397
Sound: 52.78: 1714854944595
-END-: 1714854944787
-START-: 1714854945089
Temperature: 23.81: 1714854945605
Humididy: 38.2: 1714854945814
Sound: 52.78: 1714854946012
-END-: 1714854946205
-START-: 1714854946511
Temperature: 23.81: 1714854947024
Humididy: 38.1: 1714854947256
Sound: 55.45: 1714854947454
-END-: 1714854947652
-START-: 1714854947949
Temperature: 23.81: 1714854948464
Humididy: 38.1: 1714854948674
Sound: 32.19: 1714854948872
-END-: 1714854949064
-START-: 1714854949365
Temperature: 23.81: 1714854949881
Humididy: 38.2: 1714854950115
Sound: 32.19: 1714854950313
-END-: 1714854950505
-START-: 1714854950807
Temperature: 23.87: 1714854951324
Humididy: 38.2: 1714854951532
Sound: 32.19: 1714854951730
-END-: 1714854951922
-START-: 1714854952226
Temperature: 23.87: 1714854952740
Humididy: 38.2: 1714854952974
Sound: 32.19: 1714854953172
-END-: 1714854953365
-START-: 1714854953667
Temperature: 23.81: 1714854954182
Humididy: 38.2: 1714854954391
Sound: 27.73: 1714854954589
-END-: 1714854954781
-START-: 1714854955084
Temperature: 23.87: 1714854955599
Humididy: 38.2: 1714854955833
Sound: 27.73: 1714854956031
-END-: 1714854956224
-START-: 1714854956527
Temperature: 23.87: 1714854957044
Humididy: 38.2: 1714854957250
Sound: 57.81: 1714854957448
-END-: 1714854957640
-START-: 1714854957943
Temperature: 23.87: 1714854958458
Humididy: 38.4: 1714854958692
Sound: 57.81: 1714854958890
-END-: 1714854959083
-START-: 1714854959385
Temperature: 23.87: 1714854959900
Humididy: 38.4: 1714854960109
Sound: 32.19: 1714854960307
-END-: 1714854960500
-START-: 1714854960802
Temperature: 23.87: 1714854961317
Humididy: 38.3: 1714854961551
Sound: 32.19: 1714854961749
-END-: 1714854961942
-START-: 1714854962244
Temperature: 23.94: 1714854962759
Humididy: 38.3: 1714854962968
Sound: 73.27: 1714854963166
-END-: 1714854963359
-START-: 1714854963661
Temperature: 23.87: 1714854964177
Humididy: 38.4: 1714854964410
Sound: 55.45: 1714854964608
-END-: 1714854964801
-START-: 1714854965103
Temperature: 23.94: 1714854965618
Humididy: 38.4: 1714854965827
Sound: 32.19: 1714854966031
-END-: 1714854966218
-START-: 1714854966520
Temperature: 23.94: 1714854967035
Humididy: 38.4: 1714854967269
Sound: 32.19: 1714854967467
-END-: 1714854967660
-START-: 1714854967962
Temperature: 23.94: 1714854968477
Humididy: 38.4: 1714854968689
Sound: 27.73: 1714854968884
-END-: 1714854969077
-START-: 1714854969379
Temperature: 23.94: 1714854969894
Humididy: 38.4: 1714854970128
Sound: 27.73: 1714854970326
-END-: 1714854970519
-START-: 1714854970821
Temperature: 23.94: 1714854971336
Humididy: 38.4: 1714854971545
Sound: 27.73: 1714854971743
-END-: 1714854971936
-START-: 1714854972238
Temperature: 23.94: 1714856693581
Humididy: 37.1: 1714856693786
Sound: 51.30: 1714856693984
-END-: 1714856694177
-START-: 1714856694479
Temperature: 23.94: 1714856694994
Humididy: 37.1: 1714856695228
Sound: 46.05: 1714856695425
-END-: 1714856695618
-START-: 1714856695920
Temperature: 23.94: 1714856696435
Humididy: 37.1: 1714856696644
Sound: 52.78: 1714856696842
-END-: 1714856697035
-START-: 1714856697337
Temperature: 23.94: 1714856697852
Humididy: 37.0: 1714856698086
Sound: 35.84: 1714856698283
-END-: 1714856698476
-START-: 1714856698778
Temperature: 23.87: 1714856699293
Humididy: 37.0: 1714856699502
Sound: 32.19: 1714856699700
-END-: 1714856699893
-START-: 1714856700195
Temperature: 23.94: 1714856700710
Humididy: 36.9: 1714856700944
Sound: 32.19: 1714856701142
-END-: 1714856701335
-START-: 1714856701637
Temperature: 23.94: 1714856702152
Humididy: 36.9: 1714856702364
Sound: 21.97: 1714856702559
-END-: 1714856702752
-START-: 1714856703054
Temperature: 23.94: 1714856703569
Humididy: 36.8: 1714856703803
Sound: 21.97: 1714856704001
-END-: 1714856704194
-START-: 1714856704496
Temperature: 24.00: 1714856705013
Humididy: 36.8: 1714856705220
Sound: 21.97: 1714856705418
-END-: 1714856705611
-START-: 1714856705913
Temperature: 24.00: 1714856706428
Humididy: 36.9: 1714856706662
Sound: 32.19: 1714856706860
-END-: 1714856707053
-START-: 1714856707355
Temperature: 23.94: 1714856707870
Humididy: 36.9: 1714856708079
Sound: 32.19: 1714856708277
-END-: 1714856708470
-START-: 1714856708773
Temperature: 23.94: 1714856709287
Humididy: 37.0: 1714856709521
Sound: 52.78: 1714856709718
-END-: 1714856709911
-START-: 1714856710213
Temperature: 24.00: 1714856710728
Humididy: 37.0: 1714856710937
Sound: 27.73: 1714856711135
-END-: 1714856711328
-START-: 1714856711630
Temperature: 24.00: 1714856712145
Humididy: 37.1: 1714856712384
Sound: 52.78: 1714856712576
-END-: 1714856712769
-START-: 1714856713071
Temperature: 24.00: 1714856713586
Humididy: 37.1: 1714856713795
Sound: 38.92: 1714856713993
-END-: 1714856714186
-START-: 1714856714488
Temperature: 24.00: 1714856715003
Humididy: 37.0: 1714856715237
Sound: 46.05: 1714856715434
-END-: 1714856715627
-START-: 1714856715929
Temperature: 23.94: 1714856716444
Humididy: 37.0: 1714856716653
Sound: 38.92: 1714856716851
-END-: 1714856717044
-START-: 1714856717346
Temperature: 23.94: 1714856717861
Humididy: 36.9: 1714856718095
Sound: 21.97: 1714856718293
-END-: 1714856718486
-START-: 1714856718788
Temperature: 23.94: 1714856719303
Humididy: 36.9: 1714856719512
Sound: 21.97: 1714856719710
-END-: 1714856719903
-START-: 1714856720205
Temperature: 23.94: 1714856720720
Humididy: 36.8: 1714856720954
Sound: 32.19: 1714856721153
-END-: 1714856721345
-START-: 1714856721647
Temperature: 23.94: 1714856722162
Humididy: 36.8: 1714856722371
Sound: 21.97: 1714856722569
-END-: 1714856722762
-START-: 1714856723064
Temperature: 23.94: 1714856723579
Humididy: 36.7: 1714856723815
Sound: 46.05: 1714856724011
-END-: 1714856724204
-START-: 1714856724506
Temperature: 23.87: 1714856725021
Humididy: 36.7: 1714856725231
Sound: 55.45: 1714856725428
-END-: 1714856725622
-START-: 1714856725923
Temperature: 23.87: 1714856726438
Humididy: 36.6: 1714856726672
Sound: 32.19: 1714856726870
-END-: 1714856727063
-START-: 1714856727365
Temperature: 23.87: 1714856727880
Humididy: 36.6: 1714856728090
Sound: 52.78: 1714856728287
-END-: 1714856728481
-START-: 1714856728782
Temperature: 23.87: 1714856729297
Humididy: 36.7: 1714856729531
Sound: 52.78: 1714856729730
-END-: 1714856729922
-START-: 1714856730224
Temperature: 23.94: 1714856730739
Humididy: 36.7: 1714856730948
Sound: 47.96: 1714856731146
-END-: 1714856731339
-START-: 1714856731641
Temperature: 23.87: 1714856732156
Humididy: 36.6: 1714856732390
Sound: 38.92: 1714856732589
-END-: 1714856732783
-START-: 1714856733084
Temperature: 23.87: 1714856733598
Humididy: 36.6: 1714856733808
Sound: 38.92: 1714856734006
-END-: 1714856734198
-START-: 1714856734500
Temperature: 23.87: 1714856735015
Humididy: 36.5: 1714856735249
Sound: 54.16: 1714856735448
-END-: 1714856735640
-START-: 1714856735942
Temperature: 23.87: 1714856736457
Humididy: 36.5: 1714856736667
Sound: 43.94: 1714856736865
-END-: 1714856737058
-START-: 1714856737360
Temperature: 23.94: 1714856737874
Humididy: 36.5: 1714856738108
Sound: 32.19: 1714856738307
-END-: 1714856738499
-START-: 1714856738801
Temperature: 23.87: 1714856739316
Humididy: 36.5: 1714856739528
Sound: 38.92: 1714856739724
-END-: 1714856739916
-START-: 1714856740219
Temperature: 23.87: 1714856740733
Humididy: 36.4: 1714856740967
Sound: 35.84: 1714856741165
-END-: 1714856741357
-START-: 1714856741659
Temperature: 23.94: 1714856742175
Humididy: 36.4: 1714856742384
Sound: 52.78: 1714856742582
-END-: 1714856742774
-START-: 1714856743076
Temperature: 23.87: 1714856743595
Humididy: 36.4: 1714856743828
Sound: 51.30: 1714856744031
-END-: 1714856744225
-START-: 1714856744521
Temperature: 23.87: 1714856745035
Humididy: 36.4: 1714856745243
Sound: 43.94: 1714856745441
-END-: 1714856745634
-START-: 1714856745951
Temperature: 23.87: 1714856746451
Humididy: 36.4: 1714856746688
Sound: 43.94: 1714856746887
-END-: 1714856747075
-START-: 1714856747376
Temperature: 23.87: 1714856747895
Humididy: 36.4: 1714856748101
Sound: 43.94: 1714856748299
-END-: 1714856748493
-START-: 1714856748793
Temperature: 23.87: 1714856749308
Humididy: 36.3: 1714856749545
Sound: 38.92: 1714856749741
-END-: 1714856749934
-START-: 1714856750235
Temperature: 23.87: 1714856750751
Humididy: 36.3: 1714856750960
Sound: 35.84: 1714856751158
-END-: 1714856751357
-START-: 1714856751652
Temperature: 23.87: 1714856752171
Humididy: 36.3: 1714856752404
Sound: 51.30: 1714856752608
-END-: 1714856752802
-START-: 1714856753094
Temperature: 23.87: 1714856753610
Humididy: 36.3: 1714856753819
Sound: 56.66: 1714856754017
-END-: 1714856754209
-START-: 1714856754511
Temperature: 23.87: 1714856755027
Humididy: 36.3: 1714856755261
Sound: 56.66: 1714856755459
-END-: 1714856755651
-START-: 1714856755953
Temperature: 23.87: 1714856756471
Humididy: 36.3: 1714856756681
Sound: 47.96: 1714856756876
-END-: 1714856757068
-START-: 1714856757371
Temperature: 23.87: 1714856757890
Humididy: 36.2: 1714856758119
Sound: 47.96: 1714856758317
-END-: 1714856758509
-START-: 1714856758812
Temperature: 23.87: 1714856759328
Humididy: 36.2: 1714856759536
Sound: 51.30: 1714856759734
-END-: 1714856759927
-START-: 1714856760229
Temperature: 23.81: 1714856760748
Humididy: 36.3: 1714856760978
Sound: 35.84: 1714856761175
-END-: 1714856761367
-START-: 1714856761670
Temperature: 23.87: 1714856762185
Humididy: 36.3: 1714856762394
Sound: 43.94: 1714856762592
-END-: 1714856762788
-START-: 1714856763087
Temperature: 23.87: 1714856763602
Humididy: 36.2: 1714856763836
Sound: 47.96: 1714856764033
-END-: 1714856764226
-START-: 1714856764531
Temperature: 23.87: 1714856765043
Humididy: 36.2: 1714856765252
Sound: 32.19: 1714856765457
-END-: 1714856765644
-START-: 1714856765945
Temperature: 23.87: 1714856766464
Humididy: 36.4: 1714856766697
Sound: 32.19: 1714856766893
-END-: 1714856767084
-START-: 1714856767386
Temperature: 23.87: 1714856767901
Humididy: 36.4: 1714856768110
Sound: 27.73: 1714856768308
-END-: 1714856768501
-START-: 1714856768803
Temperature: 23.81: 1714856769318
Humididy: 36.3: 1714856769552
Sound: 32.19: 1714856769749
-END-: 1714856769942
-START-: 1714856770244
Temperature: 23.87: 1714856770759
Humididy: 36.3: 1714856770968
Sound: 66.64: 1714856771166
-END-: 1714856771359
-START-: 1714856771661
Temperature: 23.87: 1714856772176
Humididy: 36.2: 1714856772410
Sound: 27.73: 1714856772607
-END-: 1714856772800
-START-: 1714856773102
Temperature: 23.94: 1714856773620
Humididy: 36.2: 1714856773831
Sound: 41.59: 1714856774024
-END-: 1714856774221
-START-: 1714856774519
Temperature: 23.87: 1714856775036
Humididy: 36.1: 1714856775268
Sound: 49.70: 1714856775468
-END-: 1714856775659
-START-: 1714856775964
Temperature: 23.87: 1714856776476
Humididy: 36.1: 1714856776685
Sound: 49.70: 1714856776883
-END-: 1714856777076
-START-: 1714856777378
Temperature: 23.87: 1714856777893
Humididy: 36.0: 1714856778127
Sound: 49.70: 1714856778325
-END-: 1714856778518
-START-: 1714856778820
Temperature: 23.94: 1714856779335
Humididy: 36.0: 1714856779544
Sound: 51.30: 1714856779742
-END-: 1714856779935
-START-: 1714856780237
Temperature: 23.87: 1714856780752
Humididy: 36.0: 1714856780986
Sound: 51.30: 1714856781185
-END-: 1714856781377
-START-: 1714856781679
Temperature: 23.87: 1714856782194
Humididy: 36.0: 1714856782403
Sound: 38.92: 1714856782601
-END-: 1714856782794
-START-: 1714856783096
Temperature: 23.87: 1714856783611
Humididy: 36.0: 1714856783845
Sound: 43.94: 1714856784044
-END-: 1714856784236
-START-: 1714856784538
Temperature: 23.87: 1714856785053
Humididy: 36.0: 1714856785262
Sound: 43.94: 1714856785460
-END-: 1714856785653
-START-: 1714856785955
Temperature: 23.87: 1714856786475
Humididy: 36.0: 1714856786704
Sound: 32.19: 1714856786903
-END-: 1714856787097
-START-: 1714856787398
Temperature: 23.81: 1714856787912
Humididy: 36.0: 1714856788121
Sound: 46.05: 1714856788319
-END-: 1714856788512
-START-: 1714856788814
Temperature: 23.81: 1714856789329
Humididy: 36.0: 1714856789563
Sound: 27.73: 1714856789761
-END-: 1714856789954
-START-: 1714856790256
Temperature: 23.87: 1714856790771
Humididy: 36.0: 1714856790980
Sound: 55.45: 1714856791178
-END-: 1714856791371
-START-: 1714856791673
Temperature: 23.87: 1714856792192
Humididy: 36.0: 1714856792422
Sound: 49.70: 1714856792620
-END-: 1714856792813
-START-: 1714856793115
Temperature: 23.87: 1714856793630
Humididy: 36.0: 1714856793839
Sound: 13.86: 1714856794037
-END-: 1714856794230
-START-: 1714856794532
Temperature: 23.81: 1714856795047
Humididy: 35.9: 1714856795281
Sound: 13.86: 1714856795481
-END-: 1714856795672
-START-: 1714856795974
Temperature: 23.81: 1714856796489
Humididy: 35.9: 1714856796698
Sound: 58.89: 1714856796897
-END-: 1714856797089
-START-: 1714856797391
Temperature: 23.87: 1714856797906
Humididy: 35.9: 1714856798140
Sound: 32.19: 1714856798338
-END-: 1714856798531
-START-: 1714856798833
Temperature: 23.87: 1714856799348
Humididy: 35.9: 1714856799557
Sound: 32.19: 1714856799755
-END-: 1714856799948
-START-: 1714856800250
Temperature: 23.87: 1714856800765
Humididy: 35.9: 1714856801000
Sound: 13.86: 1714856801198
-END-: 1714856801391
-START-: 1714856801692
Temperature: 23.87: 1714856802208
Humididy: 35.9: 1714856802416
Sound: 13.86: 1714856802615
-END-: 1714856802807
-START-: 1714856803109
Temperature: 23.87: 1714856803625
Humididy: 36.0: 1714856803858
Sound: 13.86: 1714856804055
-END-: 1714856804248
-START-: 1714856804550
Temperature: 23.87: 1714856805065
Humididy: 36.0: 1714856805274
Sound: 13.86: 1714856805473
-END-: 1714856805665
-START-: 1714856805968
Temperature: 23.87: 1714856806484
Humididy: 36.1: 1714856806716
Sound: 35.84: 1714856806915
-END-: 1714856807107
-START-: 1714856807409
Temperature: 23.87: 1714856807924
Humididy: 36.1: 1714856808134
Sound: 49.70: 1714856808332
-END-: 1714856808524
-START-: 1714856808826
Temperature: 23.87: 1714856809341
Humididy: 35.9: 1714856809576
Sound: 55.45: 1714856809774
-END-: 1714856809966
-START-: 1714856810268
Temperature: 23.87: 1714856810784
Humididy: 35.9: 1714856810993
Sound: 55.45: 1714856811191
-END-: 1714856811383
-START-: 1714856811685
Temperature: 23.87: 1714856812200
Humididy: 35.9: 1714856812435
Sound: 55.45: 1714856812633
-END-: 1714856812825
-START-: 1714856813127
Temperature: 23.87: 1714856813643
Humididy: 35.9: 1714856813852
Sound: 32.19: 1714856814050
-END-: 1714856814242
-START-: 1714856814545
Temperature: 23.87: 1714856815060
Humididy: 35.9: 1714856815294
Sound: 55.45: 1714856815492
-END-: 1714856815684
-START-: 1714856815986
Temperature: 23.87: 1714856816501
Humididy: 35.9: 1714856816711
Sound: 55.45: 1714856816909
-END-: 1714856817101
-START-: 1714856817403
Temperature: 23.87: 1714856817919
Humididy: 35.9: 1714856818153
Sound: 52.78: 1714856818351
-END-: 1714856818543
-START-: 1714856818846
Temperature: 23.87: 1714856819361
Humididy: 35.9: 1714856819570
Sound: 27.73: 1714856819768
-END-: 1714856819960
-START-: 1714856820262
Temperature: 23.87: 1714856820778
Humididy: 35.9: 1714856821012
Sound: 27.73: 1714856821210
-END-: 1714856821402
-START-: 1714856821704
Temperature: 23.81: 1714856822220
Humididy: 35.9: 1714856822429
Sound: 27.73: 1714856822627
-END-: 1714856822819
-START-: 1714856823122
Temperature: 23.81: 1714856823637
Humididy: 35.8: 1714856823871
Sound: 56.66: 1714856824069
-END-: 1714856824261
-START-: 1714856824564
Temperature: 23.81: 1714856825079
Humididy: 35.8: 1714856825288
Sound: 55.45: 1714856825487
-END-: 1714856825679
-START-: 1714856825981
Temperature: 23.81: 1714856826496
Humididy: 35.8: 1714856826730
Sound: 55.45: 1714856826928
-END-: 1714856827120
-START-: 1714856827423
Temperature: 23.87: 1714856827938
Humididy: 35.8: 1714856828147
Sound: 38.92: 1714856828345
-END-: 1714856828538
-START-: 1714856828841
Temperature: 23.81: 1714856829357
Humididy: 35.9: 1714856829589
Sound: 38.92: 1714856829791
-END-: 1714856829981
-START-: 1714856830282
Temperature: 23.87: 1714856830797
Humididy: 35.9: 1714856831006
Sound: 32.19: 1714856831204
-END-: 1714856831396
-START-: 1714856831699
Temperature: 23.87: 1714856832214
Humididy: 35.9: 1714856832448
Sound: 55.45: 1714856832646
-END-: 1714856832839
-START-: 1714856833141
Temperature: 23.87: 1714856833656
Humididy: 35.9: 1714856833865
Sound: 32.19: 1714856834063
-END-: 1714856834256
-START-: 1714856834558
Temperature: 23.81: 1714856835073
Humididy: 35.8: 1714856835307
Sound: 13.86: 1714856835505
-END-: 1714856835698
-START-: 1714856836000
Temperature: 23.87: 1714856836515
Humididy: 35.8: 1714856836725
Sound: 43.94: 1714856836922
-END-: 1714856837115
-START-: 1714856837417
Temperature: 23.87: 1714856837932
Humididy: 35.7: 1714856838166
Sound: 43.94: 1714856838364
-END-: 1714856838557
-START-: 1714856838859
Temperature: 23.87: 1714856839374
Humididy: 35.7: 1714856839583
Sound: 43.94: 1714856839781
-END-: 1714856839974
-START-: 1714856840276
Temperature: 23.81: 1714856840791
Humididy: 35.7: 1714856841025
Sound: 43.94: 1714856841223
-END-: 1714856841416
-START-: 1714856841718
Temperature: 23.81: 1714856842233
Humididy: 35.7: 1714856842442
Sound: 52.78: 1714856842640
-END-: 1714856842833
-START-: 1714856843135
Temperature: 23.75: 1714856843650
Humididy: 35.8: 1714856843884
Sound: 46.05: 1714856844082
-END-: 1714856844275
-START-: 1714856844577
Temperature: 23.75: 1714856845092
Humididy: 35.8: 1714856845301
Sound: 35.84: 1714856845499
-END-: 1714856845692
-START-: 1714856845994
Temperature: 23.81: 1714856846509
Humididy: 35.7: 1714856846743
Sound: 21.97: 1714856846941
-END-: 1714856847134
-START-: 1714856847436
Temperature: 23.81: 1714856847951
Humididy: 35.7: 1714856848160
Sound: 55.45: 1714856848358
-END-: 1714856848554
-START-: 1714856848853
Temperature: 23.81: 1714856849368
Humididy: 35.8: 1714856849602
Sound: 47.96: 1714856849799
-END-: 1714856849992
-START-: 1714856850294
Temperature: 23.81: 1714856850809
Humididy: 35.8: 1714856851018
Sound: 13.86: 1714856851216
-END-: 1714856851409
-START-: 1714856851711
Temperature: 23.81: 1714856852226
Humididy: 35.9: 1714856852460
Sound: 13.86: 1714856852657
-END-: 1714856852850
-START-: 1714856853152
Temperature: 23.81: 1714856853667
Humididy: 35.9: 1714856853876
Sound: 13.86: 1714856854075
-END-: 1714856854267
-START-: 1714856854569
Temperature: 23.81: 1714856855084
Humididy: 35.9: 1714856855318
Sound: 52.78: 1714856855515
-END-: 1714856855708
-START-: 1714856856010
Temperature: 23.81: 1714856856526
Humididy: 35.9: 1714856856734
Sound: 38.92: 1714856856932
-END-: 1714856857125
-START-: 1714856857427
Temperature: 23.81: 1714856857942
Humididy: 35.9: 1714856858176
Sound: 38.92: 1714856858373
-END-: 1714856858566
-START-: 1714856858868
Temperature: 23.81: 1714856859383
Humididy: 35.9: 1714856859592
Sound: 21.97: 1714856859790
-END-: 1714856859983
-START-: 1714856860285
Temperature: 23.81: 1714856860800
Humididy: 35.9: 1714856861034
Sound: 52.78: 1714856861231
-END-: 1714856861424
-START-: 1714856861726
Temperature: 23.81: 1714856862241
Humididy: 35.9: 1714856862450
Sound: 55.45: 1714856862648
-END-: 1714856862841
-START-: 1714856863143
Temperature: 23.81: 1714856863658
Humididy: 35.9: 1714856863892
Sound: 21.97: 1714856864089
-END-: 1714856864282
-START-: 1714856864584
Temperature: 23.81: 1714856865099
Humididy: 35.9: 1714856865308
Sound: 55.45: 1714856865506
-END-: 1714856865699
-START-: 1714856866001
Temperature: 23.81: 1714856866516
Humididy: 35.8: 1714856866750
Sound: 35.84: 1714856866948
-END-: 1714856867140
-START-: 1714856867442
Temperature: 23.75: 1714856867957
Humididy: 35.8: 1714856868166
Sound: 58.89: 1714856868364
-END-: 1714856868557
-START-: 1714856868859
Temperature: 23.75: 1714856869374
Humididy: 35.8: 1714856869608
Sound: 55.45: 1714856869806
-END-: 1714856869998
-START-: 1714856870300
Temperature: 23.81: 1714856870815
Humididy: 35.8: 1714856871025
Sound: 52.78: 1714856871223
-END-: 1714856871415
-START-: 1714856871717
Temperature: 23.75: 1714856872232
Humididy: 35.8: 1714856872466
Sound: 38.92: 1714856872664
-END-: 1714856872856
-START-: 1714856873158
Temperature: 23.81: 1714856873673
Humididy: 35.8: 1714856873883
Sound: 38.92: 1714856874081
-END-: 1714856874273
-START-: 1714856874575
Temperature: 23.75: 1714856875090
Humididy: 35.8: 1714856875324
Sound: 55.45: 1714856875522
-END-: 1714856875714
-START-: 1714856876016
Temperature: 23.81: 1714856876532
Humididy: 35.8: 1714856876741
Sound: 57.81: 1714856876939
-END-: 1714856877131
-START-: 1714856877433
Temperature: 23.81: 1714856877949
Humididy: 35.7: 1714856878182
Sound: 55.45: 1714856878381
-END-: 1714856878573
-START-: 1714856878875
Temperature: 23.75: 1714856879391
Humididy: 35.7: 1714856879600
Sound: 51.30: 1714856879798
-END-: 1714856879990
-START-: 1714856880292
Temperature: 23.75: 1714856880807
Humididy: 35.6: 1714856881041
Sound: 49.70: 1714856881240
-END-: 1714856881432
-START-: 1714856881735
Temperature: 23.75: 1714856882249
Humididy: 35.6: 1714856882459
Sound: 32.19: 1714856882657
-END-: 1714856882849
-START-: 1714856883151
Temperature: 23.75: 1714856883667
Humididy: 35.6: 1714856883901
Sound: 21.97: 1714856884099
-END-: 1714856884291
-START-: 1714856884594
Temperature: 23.75: 1714856885109
Humididy: 35.6: 1714856885318
Sound: 21.97: 1714856885516
-END-: 1714856885708
-START-: 1714856886011
Temperature: 23.75: 1714856886526
Humididy: 35.5: 1714856886760
Sound: 21.97: 1714856886958
-END-: 1714856887150
-START-: 1714856887453
Temperature: 23.75: 1714856887968
Humididy: 35.5: 1714856888177
Sound: 21.97: 1714856888375
-END-: 1714856888568
-START-: 1714856888870
Temperature: 23.75: 1714856889385
Humididy: 35.6: 1714856889619
Sound: 51.30: 1714856889817
-END-: 1714856890010
-START-: 1714856890312
Temperature: 23.75: 1714856890827
Humididy: 35.6: 1714856891036
Sound: 52.78: 1714856891234
-END-: 1714856891427
-START-: 1714856891729
Temperature: 23.75: 1714856892244
Humididy: 35.6: 1714856892478
Sound: 58.89: 1714856892676
-END-: 1714856892869
-START-: 1714856893171
Temperature: 23.75: 1714856893686
Humididy: 35.6: 1714856893895
Sound: 52.78: 1714856894093
-END-: 1714856894286
-START-: 1714856894588
Temperature: 23.75: 1714856895103
Humididy: 35.6: 1714856895337
Sound: 52.78: 1714856895535
-END-: 1714856895728
-START-: 1714856896030
Temperature: 23.75: 1714856896545
Humididy: 35.6: 1714856896754
Sound: 52.78: 1714856896952
-END-: 1714856897145
-START-: 1714856897447
Temperature: 23.75: 1714856897962
Humididy: 35.6: 1714856898196
Sound: 52.78: 1714856898394
-END-: 1714856898587
-START-: 1714856898889
Temperature: 23.75: 1714856899404
Humididy: 35.6: 1714856899613
Sound: 55.45: 1714856899811
-END-: 1714856900004
-START-: 1714856900306
Temperature: 23.75: 1714856900821
Humididy: 35.5: 1714856901055
Sound: 55.45: 1714856901253
-END-: 1714856901446
-START-: 1714856901748
Temperature: 23.81: 1714856902263
Humididy: 35.5: 1714856902472
Sound: 51.30: 1714856902670
-END-: 1714856902863
-START-: 1714856903165
Temperature: 23.75: 1714856903680
Humididy: 35.7: 1714856903914
Sound: 38.92: 1714856904112
-END-: 1714856904305
-START-: 1714856904607
Temperature: 23.75: 1714856905122
Humididy: 35.7: 1714856905331
Sound: 38.92: 1714856905529
-END-: 1714856905722
-START-: 1714856906024
Temperature: 23.75: 1714856906539
Humididy: 35.5: 1714856906773
Sound: 47.96: 1714856906971
-END-: 1714856907164
-START-: 1714856907466
Temperature: 23.75: 1714856907981
Humididy: 35.5: 1714856908190
Sound: 59.91: 1714856908388
-END-: 1714856908581
-START-: 1714856908883
Temperature: 23.75: 1714856909398
Humididy: 35.7: 1714856909632
Sound: 59.91: 1714856909830
-END-: 1714856910023
-START-: 1714856910325
Temperature: 23.81: 1714856910840
Humididy: 35.7: 1714856911049
Sound: 59.91: 1714856911247
-END-: 1714856911440
-START-: 1714856911742
Temperature: 23.75: 1714856912257
Humididy: 35.5: 1714856912491
Sound: 47.96: 1714856912689
-END-: 1714856912882
-START-: 1714856913184
Temperature: 23.75: 1714856913699
Humididy: 35.5: 1714856913908
Sound: 46.05: 1714856914106
-END-: 1714856914299
-START-: 1714856914602
Temperature: 23.75: 1714856915116
Humididy: 35.6: 1714856915350
Sound: 55.45: 1714856915548
-END-: 1714856915741
-START-: 1714856916043
Temperature: 23.75: 1714856916558
Humididy: 35.6: 1714856916767
Sound: 56.66: 1714856916965
-END-: 1714856917158
-START-: 1714856917460
Temperature: 23.75: 1714856917975
Humididy: 35.5: 1714856918209
Sound: 56.66: 1714856918407
-END-: 1714856918600
-START-: 1714856918902
Temperature: 23.69: 1714856919417
Humididy: 35.5: 1714856919626
Sound: 56.66: 1714856919824
-END-: 1714856920017
-START-: 1714856920319
Temperature: 23.75: 1714856920834
Humididy: 35.4: 1714856921068
Sound: 46.05: 1714856921266
-END-: 1714856921459
-START-: 1714856921761
Temperature: 23.75: 1714856922276
Humididy: 35.4: 1714856922485
Sound: 55.45: 1714856922683
-END-: 1714856922876
-START-: 1714856923178
Temperature: 23.75: 1714856923693
Humididy: 35.5: 1714856923927
Sound: 54.16: 1714856924125
-END-: 1714856924318
-START-: 1714856924620
Temperature: 23.69: 1714856925135
Humididy: 35.5: 1714856925344
Sound: 21.97: 1714856925542
-END-: 1714856925735
-START-: 1714856926037
Temperature: 23.75: 1714856926552
Humididy: 35.6: 1714856926786
Sound: 21.97: 1714856926983
-END-: 1714856927176
-START-: 1714856927478
Temperature: 23.75: 1714856927993
Humididy: 35.6: 1714856928202
Sound: 21.97: 1714856928401
-END-: 1714856928593
-START-: 1714856928895
Temperature: 23.75: 1714856929410
Humididy: 35.6: 1714856929644
Sound: 38.92: 1714856929842
-END-: 1714856930034
-START-: 1714856930336
Temperature: 23.75: 1714856930851
Humididy: 35.6: 1714856931060
Sound: 38.92: 1714856931258
-END-: 1714856931451
-START-: 1714856931753
Temperature: 23.69: 1714856932268
Humididy: 35.6: 1714856932502
Sound: 35.84: 1714856932700
-END-: 1714856932892
-START-: 1714856933194
Temperature: 23.75: 1714856933709
Humididy: 35.6: 1714856933918
Sound: 54.16: 1714856934116
-END-: 1714856934309
-START-: 1714856934612
Temperature: 23.75: 1714856935126
Humididy: 35.6: 1714856935360
Sound: 35.84: 1714856935557
-END-: 1714856935750
-START-: 1714856936052
Temperature: 23.75: 1714856936567
Humididy: 35.6: 1714856936776
Sound: 35.84: 1714856936974
-END-: 1714856937167
-START-: 1714856937469
Temperature: 23.69: 1714856937984
Humididy: 35.6: 1714856938218
Sound: 57.81: 1714856938415
-END-: 1714856938608
-START-: 1714856938910
Temperature: 23.75: 1714856939425
Humididy: 35.6: 1714856939634
Sound: 57.81: 1714856939833
-END-: 1714856940025
-START-: 1714856940327
Temperature: 23.75: 1714856940842
Humididy: 35.5: 1714856941076
Sound: 13.86: 1714856941274
-END-: 1714856941466
-START-: 1714856941768
Temperature: 23.75: 1714856942284
Humididy: 35.5: 1714856942493
Sound: 55.45: 1714856942691
-END-: 1714856942883
-START-: 1714856943185
Temperature: 23.75: 1714856943701
Humididy: 35.5: 1714856943934
Sound: 32.19: 1714856944132
-END-: 1714856944324
-START-: 1714856944626
Temperature: 23.81: 1714856945142
Humididy: 35.5: 1714856945351
Sound: 46.05: 1714856945549
-END-: 1714856945741
-START-: 1714856946043
Temperature: 23.75: 1714856946559
Humididy: 35.6: 1714856946792
Sound: 46.05: 1714856946990
-END-: 1714856947182
-START-: 1714856947485
Temperature: 23.75: 1714856948000
Humididy: 35.6: 1714856948209
Sound: 46.05: 1714856948407
-END-: 1714856948599
-START-: 1714856948902
Temperature: 23.75: 1714856949417
Humididy: 35.5: 1714856949650
Sound: 35.84: 1714856949848
-END-: 1714856950040
-START-: 1714856950343
Temperature: 23.81: 1714856950858
Humididy: 35.5: 1714856951067
Sound: 35.84: 1714856951265
-END-: 1714856951457
-START-: 1714856951760
Temperature: 23.81: 1714856952275
Humididy: 35.5: 1714856952508
Sound: 35.84: 1714856952706
-END-: 1714856952898
-START-: 1714856953201
Temperature: 23.75: 1714856953716
Humididy: 35.5: 1714856953925
Sound: 55.45: 1714856954123
-END-: 1714856954315
-START-: 1714856954618
Temperature: 23.75: 1714856955133
Humididy: 35.6: 1714856955367
Sound: 55.45: 1714856955564
-END-: 1714856955757
-START-: 1714856956059
Temperature: 23.75: 1714856956574
Humididy: 35.6: 1714856956783
Sound: 52.78: 1714856956981
-END-: 1714856957174
-START-: 1714856957476
Temperature: 23.75: 1714856957991
Humididy: 35.5: 1714856958225
Sound: 68.68: 1714856958422
-END-: 1714856958615
-START-: 1714856958917
Temperature: 23.75: 1714856959432
Humididy: 35.5: 1714856959641
Sound: 57.81: 1714856959839
-END-: 1714856960032
-START-: 1714856960334
Temperature: 23.75: 1714856960849
Humididy: 35.6: 1714856961083
Sound: 57.81: 1714856961280
-END-: 1714856961473
-START-: 1714856961775
Temperature: 23.81: 1714856962290
Humididy: 35.6: 1714856962499
Sound: 51.30: 1714856962697
-END-: 1714856962889
-START-: 1714856963192
Temperature: 23.81: 1714856963707
Humididy: 35.5: 1714856963941
Sound: 13.86: 1714856964138
-END-: 1714856964331
-START-: 1714856964633
Temperature: 23.75: 1714856965148
Humididy: 35.5: 1714856965357
Sound: 55.45: 1714856965555
-END-: 1714856965748
-START-: 1714856966050
Temperature: 23.75: 1714856966565
Humididy: 35.6: 1714856966799
Sound: 43.94: 1714856966996
-END-: 1714856967189
-START-: 1714856967491
Temperature: 23.75: 1714856968006
Humididy: 35.6: 1714856968215
Sound: 55.45: 1714856968413
-END-: 1714856968606
-START-: 1714856968908
Temperature: 23.75: 1714856969423
Humididy: 35.5: 1714856969657
Sound: 55.45: 1714856969854
-END-: 1714856970047
-START-: 1714856970350
Temperature: 23.75: 1714856970864
Humididy: 35.5: 1714856971073
Sound: 58.89: 1714856971274
-END-: 1714856971464
-START-: 1714856971766
Temperature: 23.75: 1714856972281
Humididy: 35.5: 1714856972515
Sound: 46.05: 1714856972712
-END-: 1714856972905
-START-: 1714856973207
Temperature: 23.75: 1714856973722
Humididy: 35.5: 1714856973931
Sound: 13.86: 1714856974129
-END-: 1714856974322
-START-: 1714856974624
Temperature: 23.81: 1714856975139
Humididy: 35.5: 1714856975373
Sound: 13.86: 1714856975571
-END-: 1714856975764
-START-: 1714856976066
Temperature: 23.81: 1714856976581
Humididy: 35.5: 1714856976790
Sound: 27.73: 1714856976988
-END-: 1714856977181
-START-: 1714856977485
Temperature: 23.81: 1714856977998
Humididy: 35.4: 1714856978234
Sound: 27.73: 1714856978429
-END-: 1714856978622
-START-: 1714856978924
Temperature: 23.81: 1714856979439
Humididy: 35.4: 1714856979648
Sound: 58.89: 1714856979846
-END-: 1714856980039
-START-: 1714856980341
Temperature: 23.81: 1714856980856
Humididy: 35.5: 1714856981090
Sound: 58.89: 1714856981287
-END-: 1714856981480
-START-: 1714856981782
Temperature: 23.81: 1714856982297
Humididy: 35.5: 1714856982506
Sound: 21.97: 1714856982704
-END-: 1714856982897
-START-: 1714856983199
Temperature: 23.81: 1714856983714
Humididy: 35.5: 1714856983948
Sound: 21.97: 1714856984146
-END-: 1714856984339
-START-: 1714856984641
Temperature: 23.81: 1714856985156
Humididy: 35.5: 1714856985365
Sound: 54.16: 1714856985563
-END-: 1714856985758
-START-: 1714856986058
Temperature: 23.87: 1714856986573
Humididy: 35.4: 1714856986807
Sound: 51.30: 1714856987004
-END-: 1714856987197
-START-: 1714856987499
Temperature: 23.81: 1714856988014
Humididy: 35.4: 1714856988223
Sound: 21.97: 1714856988421
-END-: 1714856988614
-START-: 1714856988916
Temperature: 23.87: 1714856989431
Humididy: 35.5: 1714856989665
Sound: 35.84: 1714856989862
-END-: 1714856990055
-START-: 1714856990357
Temperature: 23.87: 1714856990872
Humididy: 35.5: 1714856991081
Sound: 46.05: 1714856991279
-END-: 1714856991472
-START-: 1714856991774
Temperature: 23.87: 1714856992289
Humididy: 35.5: 1714856992523
Sound: 32.19: 1714856992721
-END-: 1714856992914
-START-: 1714856993216
Temperature: 23.87: 1714856993731
Humididy: 35.5: 1714856993941
Sound: 32.19: 1714856994138
-END-: 1714856994331
-START-: 1714856994633
Temperature: 23.87: 1714856995148
Humididy: 35.4: 1714856995382
Sound: 21.97: 1714856995579
-END-: 1714856995772
-START-: 1714856996074
Temperature: 23.87: 1714856996589
Humididy: 35.4: 1714856996799
Sound: 21.97: 1714856996997
-END-: 1714856997189
-START-: 1714856997494
Temperature: 23.87: 1714856998006
Humididy: 35.5: 1714856998240
Sound: 55.45: 1714856998438
-END-: 1714856998630
-START-: 1714856998932
Temperature: 23.87: 1714856999447
Humididy: 35.5: 1714856999656
Sound: 54.16: 1714856999854
-END-: 1714857000047
-START-: 1714857000349
Temperature: 23.87: 1714857000865
Humididy: 35.5: 1714857001098
Sound: 13.86: 1714857001295
-END-: 1714857001488
-START-: 1714857001790
Temperature: 23.81: 1714857002305
Humididy: 35.5: 1714857002514
Sound: 49.70: 1714857002713
-END-: 1714857002905
-START-: 1714857003207
Temperature: 23.81: 1714857003722
Humididy: 35.4: 1714857003956
Sound: 59.91: 1714857004155
-END-: 1714857004347
-START-: 1714857004649
Temperature: 23.81: 1714857005165
Humididy: 35.4: 1714857005373
Sound: 54.16: 1714857005572
-END-: 1714857005764
-START-: 1714857006066
Temperature: 23.81: 1714857006582
Humididy: 35.4: 1714857006816
Sound: 55.45: 1714857007014
-END-: 1714857007206
-START-: 1714857007508
Temperature: 23.81: 1714857008024
Humididy: 35.4: 1714857008233
Sound: 27.73: 1714857008431
-END-: 1714857008623
-START-: 1714857008925
Temperature: 23.81: 1714857009441
Humididy: 35.4: 1714857009675
Sound: 27.73: 1714857009873
-END-: 1714857010065
-START-: 1714857010367
Temperature: 23.87: 1714857010883
Humididy: 35.4: 1714857011092
Sound: 32.19: 1714857011290
-END-: 1714857011482
-START-: 1714857011785
Temperature: 23.81: 1714857012300
Humididy: 35.4: 1714857012534
Sound: 47.96: 1714857012732
-END-: 1714857012924
-START-: 1714857013226
Temperature: 23.87: 1714857013742
Humididy: 35.4: 1714857013951
Sound: 47.96: 1714857014149
-END-: 1714857014341
-START-: 1714857014644
Temperature: 23.87: 1714857015159
Humididy: 35.4: 1714857015393
Sound: 46.05: 1714857015591
-END-: 1714857015783
-START-: 1714857016086
Temperature: 23.87: 1714857016601
Humididy: 35.4: 1714857016810
Sound: 47.96: 1714857017008
-END-: 1714857017200
-START-: 1714857017505
Temperature: 23.87: 1714857018018
Humididy: 35.4: 1714857018252
Sound: 47.96: 1714857018450
-END-: 1714857018642
-START-: 1714857018944
Temperature: 23.87: 1714857019460
Humididy: 35.4: 1714857019669
Sound: 38.92: 1714857019867
-END-: 1714857020059
-START-: 1714857020362
Temperature: 23.94: 1714857020877
Humididy: 35.4: 1714857021111
Sound: 38.92: 1714857021309
-END-: 1714857021505
-START-: 1714857021804
Temperature: 23.94: 1714857022319
Humididy: 35.4: 1714857022528
Sound: 32.19: 1714857022726
-END-: 1714857022919
-START-: 1714857023221
Temperature: 23.94: 1714857023736
Humididy: 35.4: 1714857023970
Sound: 38.92: 1714857024168
-END-: 1714857024361
-START-: 1714857024663
Temperature: 23.94: 1714857025178
Humididy: 35.4: 1714857025387
Sound: 32.19: 1714857025585
-END-: 1714857025778
-START-: 1714857026080
Temperature: 23.87: 1714857026595
Humididy: 35.4: 1714857026829
Sound: 32.19: 1714857027027
-END-: 1714857027220
-START-: 1714857027522
Temperature: 23.87: 1714857028037
Humididy: 35.4: 1714857028246
Sound: 38.92: 1714857028444
-END-: 1714857028637
-START-: 1714857028939
Temperature: 23.87: 1714857029454
Humididy: 35.4: 1714857029688
Sound: 38.92: 1714857029886
-END-: 1714857030079
-START-: 1714857030381
Temperature: 23.94: 1714857030896
Humididy: 35.4: 1714857031105
Sound: 47.96: 1714857031303
-END-: 1714857031496
-START-: 1714857031798
Temperature: 23.94: 1714857032313
Humididy: 35.4: 1714857032547
Sound: 47.96: 1714857032745
-END-: 1714857032938
-START-: 1714857033240
Temperature: 23.87: 1714857033755
Humididy: 35.4: 1714857033964
Sound: 47.96: 1714857034162
-END-: 1714857034355
-START-: 1714857034657
Temperature: 23.87: 1714857035172
Humididy: 35.4: 1714857035406
Sound: 13.86: 1714857035604
-END-: 1714857035797
-START-: 1714857036099
Temperature: 23.87: 1714857036615
Humididy: 35.4: 1714857036823
Sound: 13.86: 1714857037021
-END-: 1714857037214
-START-: 1714857037516
Temperature: 23.87: 1714857038031
Humididy: 35.4: 1714857038265
Sound: 13.86: 1714857038463
-END-: 1714857038656
-START-: 1714857038958
Temperature: 23.87: 1714857039473
Humididy: 35.4: 1714857039682
Sound: 56.66: 1714857039880
-END-: 1714857040073
-START-: 1714857040375
Temperature: 23.87: 1714857040890
Humididy: 35.4: 1714857041124
Sound: 56.66: 1714857041322
-END-: 1714857041515
-START-: 1714857041817
Temperature: 23.87: 1714857042332
Humididy: 35.4: 1714857042541
Sound: 32.19: 1714857042739
-END-: 1714857042932
-START-: 1714857043234
Temperature: 23.81: 1714857043749
Humididy: 35.4: 1714857043983
Sound: 60.89: 1714857044181
-END-: 1714857044374
-START-: 1714857044676
Temperature: 23.81: 1714857045191
Humididy: 35.4: 1714857045400
Sound: 60.89: 1714857045598
-END-: 1714857045791
-START-: 1714857046093
Temperature: 23.87: 1714857046608
Humididy: 35.4: 1714857046843
Sound: 57.81: 1714857047040
-END-: 1714857047233
-START-: 1714857047535
Temperature: 23.87: 1714857048050
Humididy: 35.4: 1714857048259
Sound: 54.16: 1714857048457
-END-: 1714857048650
-START-: 1714857048952
Temperature: 23.81: 1714857049467
Humididy: 35.4: 1714857049701
Sound: 54.16: 1714857049899
-END-: 1714857050092
-START-: 1714857050394
Temperature: 23.87: 1714857050909
Humididy: 35.4: 1714857051118
Sound: 54.16: 1714857051316
-END-: 1714857051509
-START-: 1714857051811
Temperature: 23.87: 1714857052326
Humididy: 35.4: 1714857052560
Sound: 54.16: 1714857052758
-END-: 1714857052951
-START-: 1714857053253
Temperature: 23.87: 1714857053774
Humididy: 35.4: 1714857053977
Sound: 32.19: 1714857054175
-END-: 1714857054368
-START-: 1714857054670
Temperature: 23.87: 1714857055185
Humididy: 35.4: 1714857055419
Sound: 62.71: 1714857055617
-END-: 1714857055810
-START-: 1714857056112
Temperature: 23.87: 1714857056627
Humididy: 35.4: 1714857056836
Sound: 46.05: 1714857057035
-END-: 1714857057227
-START-: 1714857057531
Temperature: 23.87: 1714857058045
Humididy: 35.4: 1714857058281
Sound: 46.05: 1714857058476
-END-: 1714857058669
-START-: 1714857058971
Temperature: 23.87: 1714857059486
Humididy: 35.4: 1714857059695
Sound: 46.05: 1714857059893
-END-: 1714857060086
-START-: 1714857060388
Temperature: 23.81: 1714857060907
Humididy: 35.4: 1714857061137
Sound: 46.05: 1714857061336
-END-: 1714857061528
-START-: 1714857061830
Temperature: 23.81: 1714857062346
Humididy: 35.4: 1714857062554
Sound: 46.05: 1714857062752
-END-: 1714857062945
-START-: 1714857063247
Temperature: 23.81: 1714857063762
Humididy: 35.4: 1714857063996
Sound: 32.19: 1714857064194
-END-: 1714857064387
-START-: 1714857064689
Temperature: 23.87: 1714857065204
Humididy: 35.4: 1714857065414
Sound: 51.30: 1714857065612
-END-: 1714857065804
-START-: 1714857066106
Temperature: 23.87: 1714857066621
Humididy: 35.4: 1714857066855
Sound: 47.96: 1714857067054
-END-: 1714857067246
-START-: 1714857067548
Temperature: 23.87: 1714857068063
Humididy: 35.4: 1714857068272
Sound: 51.30: 1714857068471
-END-: 1714857068663
-START-: 1714857068965
Temperature: 23.87: 1714857069480
Humididy: 35.4: 1714857069714
Sound: 21.97: 1714857069913
-END-: 1714857070105
-START-: 1714857070407
Temperature: 23.87: 1714857070922
Humididy: 35.4: 1714857071131
Sound: 51.30: 1714857071330
-END-: 1714857071522
-START-: 1714857071824
Temperature: 23.94: 1714857072340
Humididy: 35.4: 1714857072573
Sound: 51.30: 1714857072772
-END-: 1714857072964
-START-: 1714857073266
Temperature: 23.87: 1714857073782
Humididy: 35.4: 1714857073991
Sound: 51.30: 1714857074189
-END-: 1714857074381
-START-: 1714857074683
Temperature: 23.94: 1714857075199
Humididy: 35.4: 1714857075433
Sound: 54.16: 1714857075631
-END-: 1714857075823
-START-: 1714857076125
Temperature: 23.87: 1714857076641
Humididy: 35.4: 1714857076850
Sound: 55.45: 1714857077048
-END-: 1714857077240
-START-: 1714857077542
Temperature: 23.94: 1714857078058
Humididy: 35.4: 1714857078292
Sound: 55.45: 1714857078490
-END-: 1714857078682
-START-: 1714857078985
Temperature: 23.87: 1714857079500
Humididy: 35.4: 1714857079709
Sound: 21.97: 1714857079907
-END-: 1714857080099
-START-: 1714857080402
Temperature: 23.87: 1714857080917
Humididy: 35.4: 1714857081151
Sound: 21.97: 1714857081349
-END-: 1714857081541
-START-: 1714857081844
Temperature: 23.87: 1714857082359
Humididy: 35.4: 1714857082568
Sound: 52.78: 1714857082766
-END-: 1714857082958
-START-: 1714857083261
Temperature: 23.87: 1714857083776
Humididy: 35.4: 1714857084010
Sound: 52.78: 1714857084208
-END-: 1714857084401
-START-: 1714857084703
Temperature: 23.87: 1714857085218
Humididy: 35.4: 1714857085427
Sound: 35.84: 1714857085625
-END-: 1714857085818
-START-: 1714857086120
Temperature: 23.87: 1714857086635
Humididy: 35.4: 1714857086869
Sound: 52.78: 1714857087067
-END-: 1714857087260
-START-: 1714857087562
Temperature: 23.87: 1714857088077
Humididy: 35.4: 1714857088286
Sound: 46.05: 1714857088484
-END-: 1714857088676
-START-: 1714857088979
Temperature: 23.87: 1714857089494
Humididy: 35.4: 1714857089728
Sound: 32.19: 1714857089926
-END-: 1714857090119
-START-: 1714857090421
Temperature: 23.87: 1714857090936
Humididy: 35.4: 1714857091145
Sound: 55.45: 1714857091343
-END-: 1714857091535
-START-: 1714857091838
Temperature: 23.87: 1714857092353
Humididy: 35.4: 1714857092587
Sound: 65.92: 1714857092785
-END-: 1714857092978
-START-: 1714857093280
Temperature: 23.87: 1714857093795
Humididy: 35.4: 1714857094004
Sound: 61.82: 1714857094202
-END-: 1714857094395
-START-: 1714857094697
Temperature: 23.94: 1714857095212
Humididy: 35.4: 1714857095446
Sound: 35.84: 1714857095644
-END-: 1714857095837
-START-: 1714857096139
Temperature: 23.94: 1714857096654
Humididy: 35.4: 1714857096863
Sound: 55.45: 1714857097061
-END-: 1714857097254
-START-: 1714857097556
Temperature: 23.94: 1714857098071
Humididy: 35.4: 1714857098305
Sound: 55.45: 1714857098503
-END-: 1714857098696
-START-: 1714857098998
Temperature: 23.94: 1714857099513
Humididy: 35.4: 1714857099722
Sound: 55.45: 1714857099923
-END-: 1714857100113
-START-: 1714857100415
Temperature: 23.94: 1714857100930
Humididy: 35.4: 1714857101164
Sound: 55.45: 1714857101362
-END-: 1714857101555
-START-: 1714857101857
Temperature: 23.94: 1714857102372
Humididy: 35.4: 1714857102581
Sound: 52.78: 1714857102779
-END-: 1714857102972
-START-: 1714857103274
Temperature: 23.87: 1714857103789
Humididy: 35.4: 1714857104023
Sound: 61.82: 1714857104221
-END-: 1714857104414
-START-: 1714857104716
Temperature: 23.87: 1714857105231
Humididy: 35.4: 1714857105440
Sound: 46.05: 1714857105638
-END-: 1714857105831
-START-: 1714857106133
Temperature: 23.87: 1714857106648
Humididy: 35.4: 1714857106882
Sound: 46.05: 1714857107080
-END-: 1714857107273
-START-: 1714857107575
Temperature: 23.87: 1714857108090
Humididy: 35.4: 1714857108299
Sound: 21.97: 1714857108497
-END-: 1714857108690
-START-: 1714857108992
Temperature: 23.87: 1714857109507
Humididy: 35.4: 1714857109741
Sound: 13.86: 1714857109939
-END-: 1714857110132
-START-: 1714857110436
Temperature: 23.87: 1714857110949
Humididy: 35.4: 1714857111158
Sound: 43.94: 1714857111356
-END-: 1714857111549
-START-: 1714857111851
Temperature: 23.81: 1714857112366
Humididy: 35.4: 1714857112600
Sound: 13.86: 1714857112798
-END-: 1714857112991
-START-: 1714857113293
Temperature: 23.81: 1714857113808
Humididy: 35.4: 1714857114017
Sound: 13.86: 1714857114215
-END-: 1714857114408
-START-: 1714857114710
Temperature: 23.81: 1714857115225
Humididy: 35.3: 1714857115459
Sound: 47.96: 1714857115657
-END-: 1714857115850
-START-: 1714857116152
Temperature: 23.81: 1714857116667
Humididy: 35.3: 1714857116876
Sound: 55.45: 1714857117074
-END-: 1714857117267
-START-: 1714857117569
Temperature: 23.81: 1714857118084
Humididy: 35.3: 1714857118318
Sound: 27.73: 1714857118516
-END-: 1714857118709
-START-: 1714857119011
Temperature: 23.75: 1714857119531
Humididy: 35.3: 1714857119735
Sound: 51.30: 1714857119933
-END-: 1714857120126
-START-: 1714857120428
Temperature: 23.81: 1714857120943
Humididy: 35.3: 1714857121177
Sound: 13.86: 1714857121375
-END-: 1714857121568
-START-: 1714857121870
Temperature: 23.81: 1714857122385
Humididy: 35.3: 1714857122594
Sound: 13.86: 1714857122792
-END-: 1714857122985
-START-: 1714857123287
Temperature: 23.81: 1714857123802
Humididy: 35.3: 1714857124036
Sound: 21.97: 1714857124235
-END-: 1714857124427
-START-: 1714857124729
Temperature: 23.81: 1714857125244
Humididy: 35.3: 1714857125454
Sound: 52.78: 1714857125652
-END-: 1714857125844
-START-: 1714857126146
Temperature: 23.81: 1714857126661
Humididy: 35.3: 1714857126895
Sound: 13.86: 1714857127094
-END-: 1714857127286
-START-: 1714857127588
Temperature: 23.87: 1714857128103
Humididy: 35.3: 1714857128313
Sound: 51.30: 1714857128511
-END-: 1714857128703
-START-: 1714857129005
Temperature: 23.87: 1714857129522
Humididy: 35.3: 1714857129754
Sound: 52.78: 1714857129952
-END-: 1714857130145
-START-: 1714857130447
Temperature: 23.87: 1714857130962
Humididy: 35.3: 1714857131172
Sound: 46.05: 1714857131370
-END-: 1714857131562
-START-: 1714857131864
Temperature: 23.87: 1714857132379
Humididy: 35.3: 1714857132613
Sound: 27.73: 1714857132811
-END-: 1714857133004
-START-: 1714857133306
Temperature: 23.81: 1714857133821
Humididy: 35.3: 1714857134030
Sound: 56.66: 1714857134229
-END-: 1714857134421
-START-: 1714857134723
Temperature: 23.87: 1714857135238
Humididy: 35.3: 1714857135472
Sound: 38.92: 1714857135671
-END-: 1714857135863
-START-: 1714857136165
Temperature: 23.87: 1714857136681
Humididy: 35.3: 1714857136890
Sound: 38.92: 1714857137088
-END-: 1714857137280
-START-: 1714857137582
Temperature: 23.87: 1714857138098
Humididy: 35.3: 1714857138332
Sound: 47.96: 1714857138531
-END-: 1714857138722
-START-: 1714857139024
Temperature: 23.81: 1714857139540
Humididy: 35.3: 1714857139749
Sound: 43.94: 1714857139947
-END-: 1714857140139
-START-: 1714857140441
Temperature: 23.81: 1714857140957
Humididy: 35.3: 1714857141191
Sound: 55.45: 1714857141389
-END-: 1714857141581
-START-: 1714857141883
Temperature: 23.81: 1714857142399
Humididy: 35.3: 1714857142611
Sound: 46.05: 1714857142806
-END-: 1714857142998
-START-: 1714857143300
Temperature: 23.81: 1714857143816
Humididy: 35.3: 1714857144050
Sound: 46.05: 1714857144248
-END-: 1714857144440
-START-: 1714857144742
Temperature: 23.81: 1714857145258
Humididy: 35.3: 1714857145467
Sound: 13.86: 1714857145665
-END-: 1714857145857
-START-: 1714857146159
Temperature: 23.81: 1714857146675
Humididy: 35.3: 1714857146909
Sound: 38.92: 1714857147107
-END-: 1714857147299
-START-: 1714857147601
Temperature: 23.87: 1714857148117
Humididy: 35.3: 1714857148331
Sound: 38.92: 1714857148524
-END-: 1714857148716
-START-: 1714857149019
Temperature: 23.87: 1714857149535
Humididy: 35.3: 1714857149768
Sound: 38.92: 1714857149966
-END-: 1714857150158
-START-: 1714857150460
Temperature: 23.81: 1714857150976
Humididy: 35.3: 1714857151185
Sound: 57.81: 1714857151383
-END-: 1714857151576
-START-: 1714857151878
Temperature: 23.87: 1714857152393
Humididy: 35.4: 1714857152627
Sound: 32.19: 1714857152825
-END-: 1714857153018
-START-: 1714857153320
Temperature: 23.87: 1714857153835
Humididy: 35.4: 1714857154044
Sound: 35.84: 1714857154242
-END-: 1714857154434
-START-: 1714857154737
Temperature: 23.87: 1714857155252
Humididy: 35.4: 1714857155486
Sound: 13.86: 1714857155683
-END-: 1714857155876
-START-: 1714857156178
Temperature: 23.87: 1714857156693
Humididy: 35.4: 1714857156902
Sound: 21.97: 1714857157100
-END-: 1714857157293
-START-: 1714857157595
Temperature: 23.87: 1714857158110
Humididy: 35.5: 1714857158344
Sound: 55.45: 1714857158541
-END-: 1714857158734
-START-: 1714857159036
Temperature: 23.87: 1714857159551
Humididy: 35.5: 1714857159760
Sound: 46.05: 1714857159958
-END-: 1714857160151
-START-: 1714857160453
Temperature: 23.87: 1714857160968
Humididy: 35.5: 1714857161202
Sound: 55.45: 1714857161400
-END-: 1714857161593
-START-: 1714857161895
Temperature: 23.87: 1714857162410
Humididy: 35.5: 1714857162619
Sound: 43.94: 1714857162820
-END-: 1714857163010
-START-: 1714857163312
Temperature: 23.87: 1714857163827
Humididy: 35.4: 1714857164061
Sound: 43.94: 1714857164258
-END-: 1714857164451
-START-: 1714857164753
Temperature: 23.87: 1714857165268
Humididy: 35.4: 1714857165477
Sound: 77.84: 1714857165675
-END-: 1714857165868
-START-: 1714857166170
Temperature: 23.87: 1714857166685
Humididy: 35.5: 1714857166919
Sound: 47.96: 1714857167117
-END-: 1714857167310
-START-: 1714857167612
Temperature: 23.81: 1714857168127
Humididy: 35.5: 1714857168336
Sound: 38.92: 1714857168538
-END-: 1714857168727
-START-: 1714857169034
Temperature: 23.81: 1714857169544
Humididy: 35.3: 1714857169778
Sound: 38.92: 1714857169975
-END-: 1714857170168
-START-: 1714857170470
Temperature: 23.81: 1714857170985
Humididy: 35.3: 1714857171194
Sound: 46.05: 1714857171392
-END-: 1714857171585
-START-: 1714857171887
Temperature: 23.81: 1714857172402
Humididy: 35.4: 1714857172636
Sound: 43.94: 1714857172834
-END-: 1714857173027
-START-: 1714857173329
Temperature: 23.81: 1714857173844
Humididy: 35.4: 1714857174053
Sound: 55.45: 1714857174251
-END-: 1714857174444
-START-: 1714857174746
Temperature: 23.81: 1714857175261
Humididy: 35.3: 1714857175495
Sound: 55.45: 1714857175692
-END-: 1714857175885
-START-: 1714857176187
Temperature: 23.81: 1714857176702
Humididy: 35.3: 1714857176911
Sound: 52.78: 1714857177109
-END-: 1714857177302
-START-: 1714857177604
Temperature: 23.81: 1714857178119
Humididy: 35.4: 1714857178353
Sound: 13.86: 1714857178551
-END-: 1714857178744
-START-: 1714857179046
Temperature: 23.87: 1714857179561
Humididy: 35.4: 1714857179770
Sound: 13.86: 1714857179968
-END-: 1714857180161
-START-: 1714857180463
Temperature: 23.81: 1714857180978
Humididy: 35.4: 1714857181212
Sound: 49.70: 1714857181410
-END-: 1714857181603
-START-: 1714857181905
Temperature: 23.81: 1714857182420
Humididy: 35.4: 1714857182629
Sound: 46.05: 1714857182827
-END-: 1714857183020
-START-: 1714857183322
Temperature: 23.81: 1714857183837
Humididy: 35.4: 1714857184071
Sound: 47.96: 1714857184269
-END-: 1714857184462
-START-: 1714857184764
Temperature: 23.81: 1714857185279
Humididy: 35.4: 1714857185488
Sound: 21.97: 1714857185686
-END-: 1714857185879
-START-: 1714857186181
Temperature: 23.81: 1714857186696
Humididy: 35.3: 1714857186930
Sound: 47.96: 1714857187128
-END-: 1714857187321
-START-: 1714857187623
Temperature: 23.81: 1714857188138
Humididy: 35.3: 1714857188347
Sound: 55.45: 1714857188545
-END-: 1714857188738
-START-: 1714857189040
Temperature: 23.75: 1714857189555
Humididy: 35.3: 1714857189789
Sound: 55.45: 1714857189988
-END-: 1714857190180
-START-: 1714857190482
Temperature: 23.75: 1714857190997
Humididy: 35.3: 1714857191207
Sound: 52.78: 1714857191405
-END-: 1714857191597
-START-: 1714857191899
Temperature: 23.75: 1714857192414
Humididy: 35.3: 1714857192648
Sound: 46.05: 1714857192847
-END-: 1714857193039
-START-: 1714857193341
Temperature: 23.75: 1714857193856
Humididy: 35.3: 1714857194068
Sound: 46.05: 1714857194264
-END-: 1714857194456
-START-: 1714857194758
Temperature: 23.75: 1714857195273
Humididy: 35.3: 1714857195507
Sound: 51.30: 1714857195706
-END-: 1714857195898
-START-: 1714857196200
Temperature: 23.75: 1714857196715
Humididy: 35.3: 1714857196924
Sound: 62.71: 1714857197123
-END-: 1714857197315
-START-: 1714857197617
Temperature: 23.75: 1714857198132
Humididy: 35.3: 1714857198366
Sound: 32.19: 1714857198565
-END-: 1714857198764
-START-: 1714857199059
Temperature: 23.75: 1714857199578
Humididy: 35.3: 1714857199784
Sound: 41.59: 1714857199982
-END-: 1714857200174
-START-: 1714857200476
Temperature: 23.75: 1714857200991
Humididy: 35.2: 1714857201225
Sound: 38.92: 1714857201424
-END-: 1714857201616
-START-: 1714857201918
Temperature: 23.75: 1714857202433
Humididy: 35.2: 1714857202643
Sound: 57.81: 1714857202841
-END-: 1714857203033
-START-: 1714857203335
Temperature: 23.75: 1714857203851
Humididy: 35.2: 1714857204085
Sound: 57.81: 1714857204283
-END-: 1714857204475
-START-: 1714857204777
Temperature: 23.69: 1714857205293
Humididy: 35.2: 1714857205502
Sound: 55.45: 1714857205700
-END-: 1714857205892
-START-: 1714857206194
Temperature: 23.75: 1714857206710
Humididy: 35.2: 1714857206944
Sound: 52.78: 1714857207142
-END-: 1714857207334
-START-: 1714857207636
Temperature: 23.75: 1714857208152
Humididy: 35.2: 1714857208361
Sound: 52.78: 1714857208559
-END-: 1714857208751
-START-: 1714857209053
Temperature: 23.75: 1714857209568
Humididy: 35.1: 1714857209803
Sound: 52.78: 1714857210001
-END-: 1714857210193
-START-: 1714857210495
Temperature: 23.75: 1714857211011
Humididy: 35.1: 1714857211220
Sound: 35.84: 1714857211418
-END-: 1714857211611
-START-: 1714857211912
Temperature: 23.75: 1714857212428
Humididy: 35.2: 1714857212662
Sound: 41.59: 1714857212860
-END-: 1714857213052
-START-: 1714857213355
Temperature: 23.75: 1714857213870
Humididy: 35.2: 1714857214079
Sound: 35.84: 1714857214277
-END-: 1714857214469
-START-: 1714857214772
Temperature: 23.75: 1714857215287
Humididy: 35.2: 1714857215521
Sound: 35.84: 1714857215719
-END-: 1714857215912
-START-: 1714857216214
Temperature: 23.75: 1714857216729
Humididy: 35.2: 1714857216938
Sound: 27.73: 1714857217136
-END-: 1714857217329
-START-: 1714857217630
Temperature: 23.75: 1714857218146
Humididy: 35.2: 1714857218380
Sound: 55.45: 1714857218578
-END-: 1714857218770
-START-: 1714857219073
Temperature: 23.75: 1714857219588
Humididy: 35.2: 1714857219797
Sound: 47.96: 1714857219995
-END-: 1714857220188
-START-: 1714857220490
Temperature: 23.75: 1714857221005
Humididy: 35.2: 1714857221239
Sound: 47.96: 1714857221437
-END-: 1714857221630
-START-: 1714857221932
Temperature: 23.81: 1714857222447
Humididy: 35.2: 1714857222656
Sound: 47.96: 1714857222854
-END-: 1714857223047
-START-: 1714857223349
Temperature: 23.81: 1714857223864
Humididy: 35.1: 1714857224098
Sound: 27.73: 1714857224296
-END-: 1714857224489
-START-: 1714857224791
Temperature: 23.81: 1714857225306
Humididy: 35.1: 1714857225515
Sound: 13.86: 1714857225713
-END-: 1714857225906
-START-: 1714857226208
Temperature: 23.81: 1714857226723
Humididy: 35.2: 1714857226957
Sound: 13.86: 1714857227155
-END-: 1714857227348
-START-: 1714857227650
Temperature: 23.81: 1714857228165
Humididy: 35.2: 1714857228374
Sound: 47.96: 1714857228572
-END-: 1714857228765
-START-: 1714857229067
Temperature: 23.81: 1714857229582
Humididy: 35.2: 1714857229816
Sound: 47.96: 1714857230014
-END-: 1714857230207
-START-: 1714857230509
Temperature: 23.81: 1714857231024
Humididy: 35.2: 1714857231233
Sound: 54.16: 1714857231431
-END-: 1714857231624
-START-: 1714857231926
Temperature: 23.87: 1714857232441
Humididy: 35.1: 1714857232675
Sound: 54.16: 1714857232873
-END-: 1714857233066
-START-: 1714857233368
Temperature: 23.87: 1714857233883
Humididy: 35.1: 1714857234092
Sound: 54.16: 1714857234290
-END-: 1714857234483
-START-: 1714857234785
Temperature: 23.87: 1714857235300
Humididy: 35.2: 1714857235534
Sound: 38.92: 1714857235732
-END-: 1714857235925
-START-: 1714857236227
Temperature: 23.81: 1714857236742
Humididy: 35.2: 1714857236951
Sound: 43.94: 1714857237149
-END-: 1714857237342
-START-: 1714857237644
Temperature: 23.87: 1714857238159
Humididy: 35.2: 1714857238393
Sound: 55.45: 1714857238591
-END-: 1714857238784
-START-: 1714857239086
Temperature: 23.87: 1714857239601
Humididy: 35.2: 1714857239810
Sound: 62.71: 1714857240011
-END-: 1714857240201
-START-: 1714857240503
Temperature: 23.87: 1714857241018
Humididy: 35.1: 1714857241252
Sound: 62.71: 1714857241450
-END-: 1714857241643
-START-: 1714857241945
Temperature: 23.87: 1714857242460
Humididy: 35.1: 1714857242669
Sound: 51.30: 1714857242867
-END-: 1714857243060
-START-: 1714857243362
Temperature: 23.94: 1714857243877
Humididy: 35.2: 1714857244111
Sound: 55.45: 1714857244309
-END-: 1714857244502
-START-: 1714857244804
Temperature: 23.87: 1714857245319
Humididy: 35.2: 1714857245528
Sound: 65.92: 1714857245726
-END-: 1714857245919
-START-: 1714857246221
Temperature: 23.87: 1714857246736
Humididy: 35.2: 1714857246970
Sound: 32.19: 1714857247168
-END-: 1714857247361
-START-: 1714857247663
Temperature: 23.87: 1714857248178
Humididy: 35.2: 1714857248387
Sound: 32.19: 1714857248585
-END-: 1714857248778
-START-: 1714857249080
Temperature: 23.87: 1714857249595
Humididy: 35.1: 1714857249829
Sound: 32.19: 1714857250029
-END-: 1714857250220
-START-: 1714857250522
Temperature: 23.87: 1714857251037
Humididy: 35.1: 1714857251246
Sound: 51.30: 1714857251444
-END-: 1714857251637
-START-: 1714857251939
Temperature: 23.87: 1714857252454
Humididy: 35.2: 1714857252688
Sound: 43.94: 1714857252886
-END-: 1714857253079
-START-: 1714857253381
Temperature: 23.87: 1714857253896
Humididy: 35.2: 1714857254105
Sound: 35.84: 1714857254303
-END-: 1714857254496
-START-: 1714857254798
Temperature: 23.87: 1714857255313
Humididy: 35.1: 1714857255547
Sound: 52.78: 1714857255746
-END-: 1714857255938
-START-: 1714857256240
Temperature: 23.87: 1714857256755
Humididy: 35.1: 1714857256965
Sound: 52.78: 1714857257163
-END-: 1714857257355
-START-: 1714857257657
Temperature: 23.87: 1714857258172
Humididy: 35.2: 1714857258406
Sound: 56.66: 1714857258605
-END-: 1714857258797
-START-: 1714857259099
Temperature: 23.87: 1714857259614
Humididy: 35.2: 1714857259824
Sound: 56.66: 1714857260022
-END-: 1714857260214
-START-: 1714857260516
Temperature: 23.87: 1714857261031
Humididy: 35.1: 1714857261265
Sound: 38.92: 1714857261464
-END-: 1714857261658
-START-: 1714857261958
Temperature: 23.94: 1714857262474
Humididy: 35.1: 1714857262683
Sound: 49.70: 1714857262881
-END-: 1714857263073
-START-: 1714857263375
Temperature: 23.87: 1714857263891
Humididy: 35.2: 1714857264124
Sound: 47.96: 1714857264323
-END-: 1714857264515
-START-: 1714857264817
Temperature: 23.87: 1714857265332
Humididy: 35.2: 1714857265542
Sound: 32.19: 1714857265740
-END-: 1714857265932
-START-: 1714857266236
Temperature: 23.87: 1714857266749
Humididy: 35.2: 1714857266983
Sound: 32.19: 1714857267182
-END-: 1714857267374
-START-: 1714857267676
Temperature: 23.87: 1714857268191
Humididy: 35.2: 1714857268401
Sound: 32.19: 1714857268599
-END-: 1714857268791
-START-: 1714857269093
Temperature: 23.87: 1714857269609
Humididy: 35.2: 1714857269843
Sound: 41.59: 1714857270041
-END-: 1714857270233
-START-: 1714857270535
Temperature: 23.87: 1714857271051
Humididy: 35.2: 1714857271260
Sound: 54.16: 1714857271458
-END-: 1714857271650
-START-: 1714857271952
Temperature: 23.87: 1714857272468
Humididy: 35.0: 1714857272701
Sound: 47.96: 1714857272900
-END-: 1714857273092
-START-: 1714857273394
Temperature: 23.87: 1714857273910
Humididy: 35.0: 1714857274119
Sound: 47.96: 1714857274317
-END-: 1714857274509
-START-: 1714857274812
Temperature: 23.87: 1714857275327
Humididy: 35.0: 1714857275561
Sound: 47.96: 1714857275759
-END-: 1714857275951
-START-: 1714857276253
Temperature: 23.87: 1714857276769
Humididy: 35.0: 1714857276978
Sound: 58.89: 1714857277188
-END-: 1714857277368
-START-: 1714857277670
Temperature: 23.81: 1714857278186
Humididy: 35.0: 1714857278420
Sound: 54.16: 1714857278618
-END-: 1714857278810
-START-: 1714857279113
Temperature: 23.81: 1714857279628
Humididy: 35.0: 1714857279837
Sound: 46.05: 1714857280035
-END-: 1714857280227
-START-: 1714857280529
Temperature: 23.87: 1714857281045
Humididy: 35.1: 1714857281279
Sound: 56.66: 1714857281477
-END-: 1714857281669
-START-: 1714857281972
Temperature: 23.81: 1714857282487
Humididy: 35.1: 1714857282697
Sound: 38.92: 1714857282894
-END-: 1714857283086
-START-: 1714857283389
Temperature: 23.87: 1714857283904
Humididy: 35.0: 1714857284138
Sound: 46.05: 1714857284336
-END-: 1714857284529
-START-: 1714857284831
Temperature: 23.87: 1714857285346
Humididy: 35.0: 1714857285555
Sound: 41.59: 1714857285753
-END-: 1714857285945
-START-: 1714857286248
Temperature: 23.87: 1714857286763
Humididy: 35.1: 1714857286997
Sound: 35.84: 1714857287198
-END-: 1714857287389
-START-: 1714857287690
Temperature: 23.87: 1714857288205
Humididy: 35.1: 1714857288414
Sound: 51.30: 1714857288612
-END-: 1714857288805
-START-: 1714857289107
Temperature: 23.81: 1714857289622
Humididy: 35.0: 1714857289856
Sound: 51.30: 1714857290054
-END-: 1714857290247
-START-: 1714857290549
Temperature: 23.87: 1714857291064
Humididy: 35.0: 1714857291273
Sound: 51.30: 1714857291471
-END-: 1714857291664
-START-: 1714857291966
Temperature: 23.87: 1714857292481
Humididy: 35.1: 1714857292715
Sound: 51.30: 1714857292914
-END-: 1714857293106
-START-: 1714857293408
Temperature: 23.81: 1714857293923
Humididy: 35.1: 1714857294132
Sound: 51.30: 1714857294330
-END-: 1714857294523
-START-: 1714857294825
Temperature: 23.87: 1714857295340
Humididy: 35.0: 1714857295574
Sound: 21.97: 1714857295772
-END-: 1714857295965
-START-: 1714857296267
Temperature: 23.87: 1714857296782
Humididy: 35.0: 1714857296991
Sound: 55.45: 1714857297189
-END-: 1714857297382
-START-: 1714857297684
Temperature: 23.87: 1714857298199
Humididy: 35.1: 1714857298433
Sound: 32.19: 1714857298631
-END-: 1714857298824
-START-: 1714857299126
Temperature: 23.87: 1714857299641
Humididy: 35.1: 1714857299850
Sound: 21.97: 1714857300048
-END-: 1714857300241
-START-: 1714857300543
Temperature: 23.87: 1714857301058
Humididy: 35.0: 1714857301295
Sound: 21.97: 1714857301490
-END-: 1714857301683
-START-: 1714857301985
Temperature: 23.87: 1714857302500
Humididy: 35.0: 1714857302710
Sound: 55.45: 1714857302907
-END-: 1714857303100
-START-: 1714857303402
Temperature: 23.94: 1714857303917
Humididy: 35.1: 1714857304151
Sound: 35.84: 1714857304349
-END-: 1714857304542
-START-: 1714857304844
Temperature: 23.94: 1714857305359
Humididy: 35.1: 1714857305568
Sound: 21.97: 1714857305766
-END-: 1714857305959
-START-: 1714857306261
Temperature: 23.94: 1714857306776
Humididy: 35.1: 1714857307010
Sound: 35.84: 1714857307208
-END-: 1714857307401
-START-: 1714857307703
Temperature: 23.94: 1714857308218
Humididy: 35.1: 1714857308427
Sound: 35.84: 1714857308625
-END-: 1714857308818
-START-: 1714857309120
Temperature: 23.94: 1714857309635
Humididy: 35.2: 1714857309869
Sound: 21.97: 1714857310067
-END-: 1714857310260
-START-: 1714857310562
Temperature: 24.00: 1714857311077
Humididy: 35.2: 1714857311286
Sound: 38.92: 1714857311484
-END-: 1714857311677
-START-: 1714857311979
Temperature: 24.00: 1714857312494
Humididy: 35.2: 1714857312728
Sound: 55.45: 1714857312926
-END-: 1714857313119
-START-: 1714857313421
Temperature: 23.94: 1714857313936
Humididy: 35.2: 1714857314145
Sound: 47.96: 1714857314343
-END-: 1714857314536
-START-: 1714857314838
Temperature: 23.94: 1714857315353
Humididy: 35.2: 1714857315588
Sound: 38.92: 1714857315785
-END-: 1714857315978
-START-: 1714857316280
Temperature: 23.94: 1714857316795
Humididy: 35.2: 1714857317004
Sound: 35.84: 1714857317202
-END-: 1714857317396
-START-: 1714857317697
Temperature: 23.94: 1714857318212
Humididy: 35.2: 1714857318446
Sound: 47.96: 1714857318644
-END-: 1714857318837
-START-: 1714857319139
Temperature: 23.87: 1714857319654
Humididy: 35.2: 1714857319863
Sound: 51.30: 1714857320061
-END-: 1714857320260
-START-: 1714857320556
Temperature: 23.94: 1714857321071
Humididy: 35.2: 1714857321306
Sound: 46.05: 1714857321504
-END-: 1714857321696
-START-: 1714857321998
Temperature: 23.94: 1714857322513
Humididy: 35.2: 1714857322722
Sound: 51.30: 1714857322921
-END-: 1714857323114
-START-: 1714857323415
Temperature: 23.94: 1714857323930
Humididy: 35.1: 1714857324164
Sound: 41.59: 1714857324364
-END-: 1714857324555
-START-: 1714857324858
Temperature: 23.87: 1714857325373
Humididy: 35.1: 1714857325581
Sound: 41.59: 1714857325780
-END-: 1714857325972
-START-: 1714857326274
Temperature: 23.94: 1714857326789
Humididy: 35.2: 1714857327023
Sound: 27.73: 1714857327222
-END-: 1714857327414
-START-: 1714857327716
Temperature: 23.87: 1714857328232
Humididy: 35.2: 1714857328442
Sound: 56.66: 1714857328639
-END-: 1714857328834
-START-: 1714857329133
Temperature: 23.87: 1714857329649
Humididy: 35.2: 1714857329882
Sound: 13.86: 1714857330081
-END-: 1714857330273
-START-: 1714857330575
Temperature: 23.87: 1714857331091
Humididy: 35.2: 1714857331300
Sound: 49.70: 1714857331498
-END-: 1714857331690
-START-: 1714857331992
Temperature: 23.87: 1714857332508
Humididy: 35.2: 1714857332742
Sound: 13.86: 1714857332940
-END-: 1714857333132
-START-: 1714857333438
Temperature: 23.94: 1714857333950
Humididy: 35.2: 1714857334159
Sound: 52.78: 1714857334357
-END-: 1714857334549
-START-: 1714857334851
Temperature: 23.94: 1714857335367
Humididy: 35.2: 1714857335601
Sound: 56.66: 1714857335799
-END-: 1714857335991
-START-: 1714857336293
Temperature: 23.94: 1714857336809
Humididy: 35.2: 1714857337018
Sound: 35.84: 1714857337216
-END-: 1714857337408
-START-: 1714857337711
Temperature: 23.94: 1714857338226
Humididy: 35.1: 1714857338460
Sound: 35.84: 1714857338658
-END-: 1714857338851
-START-: 1714857339153
Temperature: 23.87: 1714857339668
Humididy: 35.1: 1714857339877
Sound: 46.05: 1714857340075
-END-: 1714857340267
-START-: 1714857340570
Temperature: 23.94: 1714857341085
Humididy: 35.1: 1714857341319
Sound: 60.89: 1714857341517
-END-: 1714857341710
-START-: 1714857342012
Temperature: 23.94: 1714857342527
Humididy: 35.1: 1714857342736
Sound: 62.71: 1714857342934
-END-: 1714857343127
-START-: 1714857343429
Temperature: 23.94: 1714857343944
Humididy: 35.2: 1714857344178
Sound: 38.92: 1714857344376
-END-: 1714857344569
-START-: 1714857344871
Temperature: 23.94: 1714857345386
Humididy: 35.2: 1714857345598
Sound: 21.97: 1714857345793
-END-: 1714857345985
-START-: 1714857346288
Temperature: 23.94: 1714857346803
Humididy: 35.2: 1714857347037
Sound: 21.97: 1714857347235
-END-: 1714857347428
-START-: 1714857347730
Temperature: 23.94: 1714857348245
Humididy: 35.2: 1714857348454
Sound: 21.97: 1714857348652
-END-: 1714857348845
-START-: 1714857349147
Temperature: 23.94: 1714857349662
Humididy: 35.2: 1714857349896
Sound: 21.97: 1714857350094
-END-: 1714857350287
-START-: 1714857350589
Temperature: 23.94: 1714857351104
Humididy: 35.2: 1714857351313
Sound: 54.16: 1714857351511
-END-: 1714857351704
-START-: 1714857352006
Temperature: 24.00: 1714857352521
Humididy: 35.2: 1714857352761
Sound: 54.16: 1714857352953
-END-: 1714857353146
-START-: 1714857353448
Temperature: 23.94: 1714857353963
Humididy: 35.2: 1714857354172
Sound: 54.16: 1714857354370
-END-: 1714857354563
-START-: 1714857354865
Temperature: 23.94: 1714857355380
Humididy: 35.2: 1714857355614
Sound: 54.16: 1714857355812
-END-: 1714857356005
-START-: 1714857356307
Temperature: 23.94: 1714857356822
Humididy: 35.2: 1714857357031
Sound: 32.19: 1714857357229
-END-: 1714857357422
-START-: 1714857357724
Temperature: 23.94: 1714857358239
Humididy: 35.1: 1714857358473
Sound: 54.16: 1714857358671
-END-: 1714857358864
-START-: 1714857359166
Temperature: 23.94: 1714857359681
Humididy: 35.1: 1714857359890
Sound: 55.45: 1714857360088
-END-: 1714857360281
-START-: 1714857360583
Temperature: 23.94: 1714857361098
Humididy: 35.2: 1714857361332
Sound: 55.45: 1714857361530
-END-: 1714857361723
-START-: 1714857362025
Temperature: 23.94: 1714857362540
Humididy: 35.2: 1714857362749
Sound: 52.78: 1714857362947
-END-: 1714857363140
-START-: 1714857363442
Temperature: 23.94: 1714857363957
Humididy: 35.2: 1714857364191
Sound: 55.45: 1714857364389
-END-: 1714857364582
-START-: 1714857364884
Temperature: 23.94: 1714857365399
Humididy: 35.2: 1714857365608
Sound: 55.45: 1714857365806
-END-: 1714857365999
-START-: 1714857366301
Temperature: 23.94: 1714857366816
Humididy: 35.1: 1714857367050
Sound: 55.45: 1714857367248
-END-: 1714857367441
-START-: 1714857367743
Temperature: 23.94: 1714857368258
Humididy: 35.1: 1714857368467
Sound: 55.45: 1714857368665
-END-: 1714857368858
-START-: 1714857369160
Temperature: 23.94: 1714857369675
Humididy: 35.2: 1714857369909
Sound: 13.86: 1714857370107
-END-: 1714857370300
-START-: 1714857370602
Temperature: 23.94: 1714857371117
Humididy: 35.2: 1714857371326
Sound: 56.66: 1714857371524
-END-: 1714857371717
-START-: 1714857372019
Temperature: 23.94: 1714857372534
Humididy: 35.2: 1714857372768
Sound: 43.94: 1714857372966
-END-: 1714857373159
-START-: 1714857373461
Temperature: 23.87: 1714857373976
Humididy: 35.2: 1714857374185
Sound: 43.94: 1714857374383
-END-: 1714857374576
-START-: 1714857374878
Temperature: 23.94: 1714857375393
Humididy: 35.2: 1714857375627
Sound: 68.02: 1714857375825
-END-: 1714857376018
-START-: 1714857376320
Temperature: 23.94: 1714857376835
Humididy: 35.2: 1714857377044
Sound: 65.16: 1714857377242
-END-: 1714857377435
-START-: 1714857377737
Temperature: 24.00: 1714857378252
Humididy: 35.2: 1714857378486
Sound: 32.19: 1714857378685
-END-: 1714857378877
-START-: 1714857379179
Temperature: 24.00: 1714857379694
Humididy: 35.2: 1714857379904
Sound: 46.05: 1714857380102
-END-: 1714857380294
-START-: 1714857380596
Temperature: 24.00: 1714857381111
Humididy: 35.1: 1714857381345
Sound: 47.96: 1714857381544
-END-: 1714857381736
-START-: 1714857382038
Temperature: 24.00: 1714857382553
Humididy: 35.1: 1714857382762
Sound: 35.84: 1714857382960
-END-: 1714857383153
-START-: 1714857383455
Temperature: 24.00: 1714857383970
Humididy: 35.2: 1714857384204
Sound: 13.86: 1714857384402
-END-: 1714857384595
-START-: 1714857384897
Temperature: 24.00: 1714857385412
Humididy: 35.2: 1714857385622
Sound: 52.78: 1714857385821
-END-: 1714857386012
-START-: 1714857386314
Temperature: 24.06: 1714857386831
Humididy: 35.3: 1714857387063
Sound: 46.05: 1714857387262
-END-: 1714857387454
-START-: 1714857387756
Temperature: 24.06: 1714857388271
Humididy: 35.3: 1714857388481
Sound: 38.92: 1714857388678
-END-: 1714857388871
-START-: 1714857389178
Temperature: 24.12: 1714857389688
Humididy: 35.3: 1714857389922
Sound: 41.59: 1714857390121
-END-: 1714857390313
-START-: 1714857390615
Temperature: 24.12: 1714857391131
Humididy: 35.3: 1714857391340
Sound: 55.45: 1714857391538
-END-: 1714857391730
-START-: 1714857392033
Temperature: 24.12: 1714857392547
Humididy: 35.5: 1714857392781
Sound: 55.45: 1714857392979
-END-: 1714857393171
-START-: 1714857393473
Temperature: 24.12: 1714857393989
Humididy: 35.5: 1714857394198
Sound: 32.19: 1714857394396
-END-: 1714857394588
-START-: 1714857394891
Temperature: 24.19: 1714857395406
Humididy: 35.6: 1714857395639
Sound: 32.19: 1714857395838
-END-: 1714857396030
-START-: 1714857396332
Temperature: 24.19: 1714857396848
Humididy: 35.6: 1714857397057
Sound: 51.30: 1714857397255
-END-: 1714857397447
-START-: 1714857397749
Temperature: 24.12: 1714857398265
Humididy: 35.5: 1714857398498
Sound: 32.19: 1714857398697
-END-: 1714857398889
-START-: 1714857399191
Temperature: 24.12: 1714857399707
Humididy: 35.5: 1714857399916
Sound: 38.92: 1714857400114
-END-: 1714857400306
-START-: 1714857400609
Temperature: 24.19: 1714857401124
Humididy: 35.5: 1714857401358
Sound: 43.94: 1714857401556
-END-: 1714857401748
-START-: 1714857402051
Temperature: 24.12: 1714857402566
Humididy: 35.5: 1714857402775
Sound: 43.94: 1714857402973
-END-: 1714857403165
-START-: 1714857403467
Temperature: 24.12: 1714857403983
Humididy: 35.5: 1714857404217
Sound: 13.86: 1714857404415
-END-: 1714857404607
-START-: 1714857404910
Temperature: 24.12: 1714857405425
Humididy: 35.5: 1714857405634
Sound: 49.70: 1714857405832
-END-: 1714857406025
-START-: 1714857406327
Temperature: 24.06: 1714857406842
Humididy: 35.6: 1714857407075
Sound: 35.84: 1714857407273
-END-: 1714857407465
-START-: 1714857407768
Temperature: 24.00: 1714857408283
Humididy: 35.6: 1714857408492
Sound: 41.59: 1714857408690
-END-: 1714857408882
-START-: 1714857409185
Temperature: 24.06: 1714857409700
Humididy: 35.4: 1714857409934
Sound: 41.59: 1714857410132
-END-: 1714857410325
-START-: 1714857410627
Temperature: 24.00: 1714857411142
Humididy: 35.4: 1714857411351
Sound: 41.59: 1714857411549
-END-: 1714857411742
-START-: 1714857412044
Temperature: 24.00: 1714857412559
Humididy: 35.4: 1714857412793
Sound: 41.59: 1714857412991
-END-: 1714857413184
-START-: 1714857413486
Temperature: 24.00: 1714857414001
Humididy: 35.4: 1714857414210
Sound: 57.81: 1714857414408
-END-: 1714857414601
-START-: 1714857414903
Temperature: 23.94: 1714857415418
Humididy: 35.3: 1714857415652
Sound: 57.81: 1714857415850
-END-: 1714857416043
-START-: 1714857416345
Temperature: 23.94: 1714857416860
Humididy: 35.3: 1714857417069
Sound: 57.81: 1714857417267
-END-: 1714857417460
-START-: 1714857417762
Temperature: 23.94: 1714857418277
Humididy: 35.3: 1714857418511
Sound: 35.84: 1714857418709
-END-: 1714857418902
-START-: 1714857419204
Temperature: 23.94: 1714857419719
Humididy: 35.3: 1714857419928
Sound: 35.84: 1714857420126
-END-: 1714857420319
-START-: 1714857420621
Temperature: 23.94: 1714857421136
Humididy: 35.2: 1714857421370
Sound: 43.94: 1714857421568
-END-: 1714857421761
-START-: 1714857422063
Temperature: 23.87: 1714857422578
Humididy: 35.2: 1714857422787
Sound: 43.94: 1714857422985
-END-: 1714857423178
-START-: 1714857423480
Temperature: 23.94: 1714857423995
Humididy: 35.1: 1714857424229
Sound: 13.86: 1714857424427
-END-: 1714857424620
-START-: 1714857424922
Temperature: 23.94: 1714857425437
Humididy: 35.1: 1714857425646
Sound: 13.86: 1714857425844
-END-: 1714857426037
-START-: 1714857426339
Temperature: 23.94: 1714857426854
Humididy: 35.2: 1714857427088
Sound: 64.38: 1714857427286
-END-: 1714857427479
-START-: 1714857427781
Temperature: 23.94: 1714857428296
Humididy: 35.2: 1714857428505
Sound: 57.81: 1714857428703
-END-: 1714857428896
-START-: 1714857429198
Temperature: 23.94: 1714857429713
Humididy: 35.2: 1714857429947
Sound: 56.66: 1714857430145
-END-: 1714857430338
-START-: 1714857430640
Temperature: 23.94: 1714857431155
Humididy: 35.2: 1714857431365
Sound: 56.66: 1714857431562
-END-: 1714857431755
-START-: 1714857432057
Temperature: 23.94: 1714857432572
Humididy: 35.2: 1714857432806
Sound: 51.30: 1714857433004
-END-: 1714857433198
-START-: 1714857433499
Temperature: 23.94: 1714857434014
Humididy: 35.2: 1714857434223
Sound: 13.86: 1714857434421
-END-: 1714857434614
-START-: 1714857434916
Temperature: 23.94: 1714857435431
Humididy: 35.1: 1714857435665
Sound: 13.86: 1714857435863
-END-: 1714857436056
-START-: 1714857436358
Temperature: 23.94: 1714857436873
Humididy: 35.1: 1714857437082
Sound: 47.96: 1714857437280
-END-: 1714857437473
-START-: 1714857437775
Temperature: 24.00: 1714857438290
Humididy: 35.2: 1714857438524
Sound: 47.96: 1714857438722
-END-: 1714857438915
-START-: 1714857439217
Temperature: 24.00: 1714857439732
Humididy: 35.2: 1714857439941
Sound: 54.16: 1714857440139
-END-: 1714857440332
-START-: 1714857440634
Temperature: 23.94: 1714857441150
Humididy: 35.2: 1714857441383
Sound: 54.16: 1714857441581
-END-: 1714857441774
-START-: 1714857442076
Temperature: 24.00: 1714857442591
Humididy: 35.2: 1714857442800
Sound: 56.66: 1714857442998
-END-: 1714857443191
-START-: 1714857443493
Temperature: 23.94: 1714857444008
Humididy: 35.2: 1714857444242
Sound: 38.92: 1714857444441
-END-: 1714857444633
-START-: 1714857444935
Temperature: 24.00: 1714857445450
Humididy: 35.2: 1714857445659
Sound: 61.82: 1714857445857
-END-: 1714857446050
-START-: 1714857446352
Temperature: 24.00: 1714857446867
Humididy: 35.2: 1714857447101
Sound: 38.92: 1714857447300
-END-: 1714857447492
-START-: 1714857447794
Temperature: 24.00: 1714857448309
Humididy: 35.2: 1714857448519
Sound: 51.30: 1714857448717
-END-: 1714857448909
-START-: 1714857449211
Temperature: 24.00: 1714857449726
Humididy: 35.2: 1714857449961
Sound: 55.45: 1714857450159
-END-: 1714857450351
-START-: 1714857450653
Temperature: 24.00: 1714857451169
Humididy: 35.2: 1714857451378
Sound: 27.73: 1714857451576
-END-: 1714857451768
-START-: 1714857452070
Temperature: 24.00: 1714857452586
Humididy: 35.1: 1714857452820
Sound: 52.78: 1714857453018
-END-: 1714857453210
-START-: 1714857453512
Temperature: 24.06: 1714857454028
Humididy: 35.1: 1714857454237
Sound: 55.45: 1714857454435
-END-: 1714857454627
-START-: 1714857454929
Temperature: 24.06: 1714857455444
Humididy: 35.2: 1714857455678
Sound: 55.45: 1714857455877
-END-: 1714857456069
-START-: 1714857456371
Temperature: 24.06: 1714857456886
Humididy: 35.2: 1714857457096
Sound: 35.84: 1714857457294
-END-: 1714857457486
-START-: 1714857457788
Temperature: 24.06: 1714857458304
Humididy: 35.2: 1714857458537
